#
# There is insufficient memory for the Java Runtime Environment to continue.
# Cannot create GC thread. Out of system resources.
# Possible reasons:
#   The system is out of physical RAM or swap space
#   The process is running with CompressedOops enabled, and the Java Heap may be blocking the growth of the native heap
# Possible solutions:
#   Reduce memory load on the system
#   Increase physical memory or swap space
#   Check if swap backing store is full
#   Decrease Java heap size (-Xmx/-Xms)
#   Decrease number of Java threads
#   Decrease Java thread stack sizes (-Xss)
#   Set larger code cache with -XX:ReservedCodeCacheSize=
# This output file may be truncated or incomplete.
#
#  Out of Memory Error (gcTaskThread.cpp:48), pid=35160, tid=0x00007f7d39cc2700
#
# JRE version:  (8.0_192-b12) (build )
# Java VM: Java HotSpot(TM) 64-Bit Server VM (25.192-b12 mixed mode linux-amd64 compressed oops)
# Failed to write core dump. Core dumps have been disabled. To enable core dumping, try "ulimit -c unlimited" before starting Java again
#

---------------  T H R E A D  ---------------

Current thread (0x00007f7d3400a000):  JavaThread "Unknown thread" [_thread_in_vm, id=35161, stack(0x00007f7d39bc2000,0x00007f7d39cc3000)]

Stack: [0x00007f7d39bc2000,0x00007f7d39cc3000],  sp=0x00007f7d39cc1700,  free space=1021k
Native frames: (J=compiled Java code, j=interpreted, Vv=VM code, C=native code)
V  [libjvm.so+0xacf345]  VMError::report_and_die()+0x2c5
V  [libjvm.so+0x4dec17]  report_vm_out_of_memory(char const*, int, unsigned long, VMErrorType, char const*)+0x67
V  [libjvm.so+0x5c18af]  GCTaskThread::GCTaskThread(GCTaskManager*, unsigned int, unsigned int)+0x13f
V  [libjvm.so+0x5c0a7d]  GCTaskManager::initialize()+0x36d
V  [libjvm.so+0x937772]  ParallelScavengeHeap::initialize()+0x3a2
V  [libjvm.so+0xa92faa]  Universe::initialize_heap()+0x16a
V  [libjvm.so+0xa93293]  universe_init()+0x33
V  [libjvm.so+0x62fb40]  init_globals()+0x50
V  [libjvm.so+0xa75a59]  Threads::create_vm(JavaVMInitArgs*, bool*)+0x409
V  [libjvm.so+0x6d544f]  JNI_CreateJavaVM+0x4f
C  [libjli.so+0x7e74]  JavaMain+0x84
C  [libpthread.so.0+0x7aa1]


---------------  P R O C E S S  ---------------

Java Threads: ( => current thread )

Other Threads:

=>0x00007f7d3400a000 (exited) JavaThread "Unknown thread" [_thread_in_vm, id=35161, stack(0x00007f7d39bc2000,0x00007f7d39cc3000)]

VM state:not at safepoint (not fully initialized)

VM Mutex/Monitor currently owned by a thread: None

heap address: 0x0000000080200000, size: 30718 MB, Compressed Oops mode: Non-zero based:0x00000000801ff000, Oop shift amount: 3
Narrow klass base: 0x0000000000000000, Narrow klass shift: 0

GC Heap History (0 events):
No events

Deoptimization events (0 events):
No events

Classes redefined (0 events):
No events

Internal exceptions (0 events):
No events

Events (0 events):
No events


Dynamic libraries:
00400000-00401000 r-xp 00000000 fd:07 23465301                           /home/grads/mec/jdk1.8.0_192/bin/javac
00600000-00601000 r--p 00000000 fd:07 23465301                           /home/grads/mec/jdk1.8.0_192/bin/javac
00601000-00602000 rw-p 00001000 fd:07 23465301                           /home/grads/mec/jdk1.8.0_192/bin/javac
0231a000-0233b000 rw-p 00000000 00:00 0                                  [heap]
80200000-80780000 rw-p 00000000 00:00 0 
80780000-580100000 ---p 00000000 00:00 0 
580100000-580380000 rw-p 00000000 00:00 0 
580380000-800000000 ---p 00000000 00:00 0 
3310000000-3310020000 r-xp 00000000 fd:00 1048706                        /lib64/ld-2.12.so
3310220000-3310221000 r--p 00020000 fd:00 1048706                        /lib64/ld-2.12.so
3310221000-3310222000 rw-p 00021000 fd:00 1048706                        /lib64/ld-2.12.so
3310222000-3310223000 rw-p 00000000 00:00 0 
3310400000-331058a000 r-xp 00000000 fd:00 1048770                        /lib64/libc-2.12.so
331058a000-331078a000 ---p 0018a000 fd:00 1048770                        /lib64/libc-2.12.so
331078a000-331078e000 r--p 0018a000 fd:00 1048770                        /lib64/libc-2.12.so
331078e000-3310790000 rw-p 0018e000 fd:00 1048770                        /lib64/libc-2.12.so
3310790000-3310794000 rw-p 00000000 00:00 0 
3310800000-3310817000 r-xp 00000000 fd:00 1048772                        /lib64/libpthread-2.12.so
3310817000-3310a17000 ---p 00017000 fd:00 1048772                        /lib64/libpthread-2.12.so
3310a17000-3310a18000 r--p 00017000 fd:00 1048772                        /lib64/libpthread-2.12.so
3310a18000-3310a19000 rw-p 00018000 fd:00 1048772                        /lib64/libpthread-2.12.so
3310a19000-3310a1d000 rw-p 00000000 00:00 0 
3310c00000-3310c02000 r-xp 00000000 fd:00 1048774                        /lib64/libdl-2.12.so
3310c02000-3310e02000 ---p 00002000 fd:00 1048774                        /lib64/libdl-2.12.so
3310e02000-3310e03000 r--p 00002000 fd:00 1048774                        /lib64/libdl-2.12.so
3310e03000-3310e04000 rw-p 00003000 fd:00 1048774                        /lib64/libdl-2.12.so
3311000000-3311083000 r-xp 00000000 fd:00 1048775                        /lib64/libm-2.12.so
3311083000-3311282000 ---p 00083000 fd:00 1048775                        /lib64/libm-2.12.so
3311282000-3311283000 r--p 00082000 fd:00 1048775                        /lib64/libm-2.12.so
3311283000-3311284000 rw-p 00083000 fd:00 1048775                        /lib64/libm-2.12.so
3311800000-3311807000 r-xp 00000000 fd:00 1048776                        /lib64/librt-2.12.so
3311807000-3311a06000 ---p 00007000 fd:00 1048776                        /lib64/librt-2.12.so
3311a06000-3311a07000 r--p 00006000 fd:00 1048776                        /lib64/librt-2.12.so
3311a07000-3311a08000 rw-p 00007000 fd:00 1048776                        /lib64/librt-2.12.so
7f7d1bb3d000-7f7d1bdd2000 rw-p 00000000 00:00 0 
7f7d1bdd2000-7f7d1bdd3000 ---p 00000000 00:00 0 
7f7d1bdd3000-7f7d1bed3000 rw-p 00000000 00:00 0 
7f7d1bed3000-7f7d1bed4000 ---p 00000000 00:00 0 
7f7d1bed4000-7f7d1bfd4000 rw-p 00000000 00:00 0 
7f7d1bfd4000-7f7d1bfd5000 ---p 00000000 00:00 0 
7f7d1bfd5000-7f7d1c0d5000 rw-p 00000000 00:00 0 
7f7d1c0d5000-7f7d1c0d6000 ---p 00000000 00:00 0 
7f7d1c0d6000-7f7d1c1d6000 rw-p 00000000 00:00 0 
7f7d1c1d6000-7f7d1c1d7000 ---p 00000000 00:00 0 
7f7d1c1d7000-7f7d1c2d7000 rw-p 00000000 00:00 0 
7f7d1c2d7000-7f7d1c2d8000 ---p 00000000 00:00 0 
7f7d1c2d8000-7f7d1c3d8000 rw-p 00000000 00:00 0 
7f7d1c3d8000-7f7d1c3d9000 ---p 00000000 00:00 0 
7f7d1c3d9000-7f7d1c4d9000 rw-p 00000000 00:00 0 
7f7d1c4d9000-7f7d1c4da000 ---p 00000000 00:00 0 
7f7d1c4da000-7f7d1c5da000 rw-p 00000000 00:00 0 
7f7d1c5da000-7f7d1c5db000 ---p 00000000 00:00 0 
7f7d1c5db000-7f7d1c6db000 rw-p 00000000 00:00 0 
7f7d1c6db000-7f7d1c6dc000 ---p 00000000 00:00 0 
7f7d1c6dc000-7f7d1c7dc000 rw-p 00000000 00:00 0 
7f7d1c7dc000-7f7d1c7dd000 ---p 00000000 00:00 0 
7f7d1c7dd000-7f7d1c8dd000 rw-p 00000000 00:00 0 
7f7d1c8dd000-7f7d1c8de000 ---p 00000000 00:00 0 
7f7d1c8de000-7f7d1c9de000 rw-p 00000000 00:00 0 
7f7d1c9de000-7f7d1c9df000 ---p 00000000 00:00 0 
7f7d1c9df000-7f7d1cadf000 rw-p 00000000 00:00 0 
7f7d1cadf000-7f7d1cae0000 ---p 00000000 00:00 0 
7f7d1cae0000-7f7d1cbe0000 rw-p 00000000 00:00 0 
7f7d1cbe0000-7f7d1cbe1000 ---p 00000000 00:00 0 
7f7d1cbe1000-7f7d1cce1000 rw-p 00000000 00:00 0 
7f7d1cce1000-7f7d1cce2000 ---p 00000000 00:00 0 
7f7d1cce2000-7f7d1cde2000 rw-p 00000000 00:00 0 
7f7d1cde2000-7f7d1cde3000 ---p 00000000 00:00 0 
7f7d1cde3000-7f7d1cee3000 rw-p 00000000 00:00 0 
7f7d1cee3000-7f7d1cee4000 ---p 00000000 00:00 0 
7f7d1cee4000-7f7d1cfe4000 rw-p 00000000 00:00 0 
7f7d1cfe4000-7f7d1cfe5000 ---p 00000000 00:00 0 
7f7d1cfe5000-7f7d1d0e5000 rw-p 00000000 00:00 0 
7f7d1d0e5000-7f7d1d0e6000 ---p 00000000 00:00 0 
7f7d1d0e6000-7f7d1d1e6000 rw-p 00000000 00:00 0 
7f7d1d1e6000-7f7d1d1e7000 ---p 00000000 00:00 0 
7f7d1d1e7000-7f7d1d2e7000 rw-p 00000000 00:00 0 
7f7d1d2e7000-7f7d1d2e8000 ---p 00000000 00:00 0 
7f7d1d2e8000-7f7d1d3e8000 rw-p 00000000 00:00 0 
7f7d1d3e8000-7f7d1d3e9000 ---p 00000000 00:00 0 
7f7d1d3e9000-7f7d1d4e9000 rw-p 00000000 00:00 0 
7f7d1d4e9000-7f7d1d4ea000 ---p 00000000 00:00 0 
7f7d1d4ea000-7f7d1d5ea000 rw-p 00000000 00:00 0 
7f7d1d5ea000-7f7d1d5eb000 ---p 00000000 00:00 0 
7f7d1d5eb000-7f7d1d6eb000 rw-p 00000000 00:00 0 
7f7d1d6eb000-7f7d1d6ec000 ---p 00000000 00:00 0 
7f7d1d6ec000-7f7d1d7ec000 rw-p 00000000 00:00 0 
7f7d1d7ec000-7f7d1d7ed000 ---p 00000000 00:00 0 
7f7d1d7ed000-7f7d1d8ed000 rw-p 00000000 00:00 0 
7f7d1d8ed000-7f7d1d8ee000 ---p 00000000 00:00 0 
7f7d1d8ee000-7f7d1d9ee000 rw-p 00000000 00:00 0 
7f7d1d9ee000-7f7d1d9ef000 ---p 00000000 00:00 0 
7f7d1d9ef000-7f7d1daef000 rw-p 00000000 00:00 0 
7f7d1daef000-7f7d1daf0000 ---p 00000000 00:00 0 
7f7d1daf0000-7f7d1dbf0000 rw-p 00000000 00:00 0 
7f7d1dbf0000-7f7d1dbf1000 ---p 00000000 00:00 0 
7f7d1dbf1000-7f7d1dcf1000 rw-p 00000000 00:00 0 
7f7d1dcf1000-7f7d1dcf2000 ---p 00000000 00:00 0 
7f7d1dcf2000-7f7d1ddf2000 rw-p 00000000 00:00 0 
7f7d1ddf2000-7f7d1ddf3000 ---p 00000000 00:00 0 
7f7d1ddf3000-7f7d1def3000 rw-p 00000000 00:00 0 
7f7d1def3000-7f7d1def4000 ---p 00000000 00:00 0 
7f7d1def4000-7f7d1dff4000 rw-p 00000000 00:00 0 
7f7d1dff4000-7f7d1dff5000 ---p 00000000 00:00 0 
7f7d1dff5000-7f7d1e0f5000 rw-p 00000000 00:00 0 
7f7d1e0f5000-7f7d1e0f6000 ---p 00000000 00:00 0 
7f7d1e0f6000-7f7d1e1f6000 rw-p 00000000 00:00 0 
7f7d1e1f6000-7f7d1e1f7000 ---p 00000000 00:00 0 
7f7d1e1f7000-7f7d1e2f7000 rw-p 00000000 00:00 0 
7f7d1e2f7000-7f7d1e2f8000 ---p 00000000 00:00 0 
7f7d1e2f8000-7f7d1e3f8000 rw-p 00000000 00:00 0 
7f7d1e3f8000-7f7d1e3f9000 ---p 00000000 00:00 0 
7f7d1e3f9000-7f7d1e4f9000 rw-p 00000000 00:00 0 
7f7d1e4f9000-7f7d1e4fa000 ---p 00000000 00:00 0 
7f7d1e4fa000-7f7d1e5fa000 rw-p 00000000 00:00 0 
7f7d1e5fa000-7f7d1e5fb000 ---p 00000000 00:00 0 
7f7d1e5fb000-7f7d1e6fb000 rw-p 00000000 00:00 0 
7f7d1e6fb000-7f7d1e6fc000 ---p 00000000 00:00 0 
7f7d1e6fc000-7f7d1e7fc000 rw-p 00000000 00:00 0 
7f7d1e7fc000-7f7d1e7fd000 ---p 00000000 00:00 0 
7f7d1e7fd000-7f7d1e8fd000 rw-p 00000000 00:00 0 
7f7d1e8fd000-7f7d1e8fe000 ---p 00000000 00:00 0 
7f7d1e8fe000-7f7d1e9fe000 rw-p 00000000 00:00 0 
7f7d1e9fe000-7f7d1e9ff000 ---p 00000000 00:00 0 
7f7d1e9ff000-7f7d1eaff000 rw-p 00000000 00:00 0 
7f7d1eaff000-7f7d1eb00000 ---p 00000000 00:00 0 
7f7d1eb00000-7f7d1ec03000 rw-p 00000000 00:00 0 
7f7d1ec03000-7f7d21400000 ---p 00000000 00:00 0 
7f7d21400000-7f7d21403000 rw-p 00000000 00:00 0 
7f7d21403000-7f7d23bff000 ---p 00000000 00:00 0 
7f7d23bff000-7f7d23c01000 rw-p 00000000 00:00 0 
7f7d23c01000-7f7d24fff000 ---p 00000000 00:00 0 
7f7d24fff000-7f7d25000000 rw-p 00000000 00:00 0 
7f7d25000000-7f7d25270000 rwxp 00000000 00:00 0 
7f7d25270000-7f7d34000000 ---p 00000000 00:00 0 
7f7d34000000-7f7d34093000 rw-p 00000000 00:00 0 
7f7d34093000-7f7d38000000 ---p 00000000 00:00 0 
7f7d3806f000-7f7d38070000 ---p 00000000 00:00 0 
7f7d38070000-7f7d38170000 rw-p 00000000 00:00 0 
7f7d38170000-7f7d38171000 ---p 00000000 00:00 0 
7f7d38171000-7f7d38271000 rw-p 00000000 00:00 0 
7f7d38271000-7f7d38272000 ---p 00000000 00:00 0 
7f7d38272000-7f7d38372000 rw-p 00000000 00:00 0 
7f7d38372000-7f7d38373000 ---p 00000000 00:00 0 
7f7d38373000-7f7d38473000 rw-p 00000000 00:00 0 
7f7d38473000-7f7d38474000 ---p 00000000 00:00 0 
7f7d38474000-7f7d3857e000 rw-p 00000000 00:00 0 
7f7d3857e000-7f7d38934000 ---p 00000000 00:00 0 
7f7d38934000-7f7d3894e000 r-xp 00000000 fd:07 23726563                   /home/grads/mec/jdk1.8.0_192/jre/lib/amd64/libzip.so
7f7d3894e000-7f7d38b4e000 ---p 0001a000 fd:07 23726563                   /home/grads/mec/jdk1.8.0_192/jre/lib/amd64/libzip.so
7f7d38b4e000-7f7d38b4f000 r--p 0001a000 fd:07 23726563                   /home/grads/mec/jdk1.8.0_192/jre/lib/amd64/libzip.so
7f7d38b4f000-7f7d38b50000 rw-p 0001b000 fd:07 23726563                   /home/grads/mec/jdk1.8.0_192/jre/lib/amd64/libzip.so
7f7d38b50000-7f7d39355000 r--s 00000000 fd:04 395789                     /var/lib/sss/mc/passwd
7f7d39355000-7f7d3935d000 r-xp 00000000 fd:00 1048620                    /lib64/libnss_sss.so.2
7f7d3935d000-7f7d3955c000 ---p 00008000 fd:00 1048620                    /lib64/libnss_sss.so.2
7f7d3955c000-7f7d3955d000 rw-p 00007000 fd:00 1048620                    /lib64/libnss_sss.so.2
7f7d3955d000-7f7d3956a000 r-xp 00000000 fd:00 1048725                    /lib64/libnss_files-2.12.so
7f7d3956a000-7f7d39769000 ---p 0000d000 fd:00 1048725                    /lib64/libnss_files-2.12.so
7f7d39769000-7f7d3976a000 r--p 0000c000 fd:00 1048725                    /lib64/libnss_files-2.12.so
7f7d3976a000-7f7d3976b000 rw-p 0000d000 fd:00 1048725                    /lib64/libnss_files-2.12.so
7f7d39784000-7f7d397b1000 r-xp 00000000 fd:07 23726557                   /home/grads/mec/jdk1.8.0_192/jre/lib/amd64/libjava.so
7f7d397b1000-7f7d399b0000 ---p 0002d000 fd:07 23726557                   /home/grads/mec/jdk1.8.0_192/jre/lib/amd64/libjava.so
7f7d399b0000-7f7d399b1000 r--p 0002c000 fd:07 23726557                   /home/grads/mec/jdk1.8.0_192/jre/lib/amd64/libjava.so
7f7d399b1000-7f7d399b3000 rw-p 0002d000 fd:07 23726557                   /home/grads/mec/jdk1.8.0_192/jre/lib/amd64/libjava.so
7f7d399b3000-7f7d399c0000 r-xp 00000000 fd:07 23726562                   /home/grads/mec/jdk1.8.0_192/jre/lib/amd64/libverify.so
7f7d399c0000-7f7d39bbf000 ---p 0000d000 fd:07 23726562                   /home/grads/mec/jdk1.8.0_192/jre/lib/amd64/libverify.so
7f7d39bbf000-7f7d39bc1000 r--p 0000c000 fd:07 23726562                   /home/grads/mec/jdk1.8.0_192/jre/lib/amd64/libverify.so
7f7d39bc1000-7f7d39bc2000 rw-p 0000e000 fd:07 23726562                   /home/grads/mec/jdk1.8.0_192/jre/lib/amd64/libverify.so
7f7d39bc2000-7f7d39bc5000 ---p 00000000 00:00 0 
7f7d39bc5000-7f7d39cc3000 rw-p 00000000 00:00 0 
7f7d39cc3000-7f7d3a9a7000 r-xp 00000000 fd:07 23726539                   /home/grads/mec/jdk1.8.0_192/jre/lib/amd64/server/libjvm.so
7f7d3a9a7000-7f7d3aba6000 ---p 00ce4000 fd:07 23726539                   /home/grads/mec/jdk1.8.0_192/jre/lib/amd64/server/libjvm.so
7f7d3aba6000-7f7d3ac3c000 r--p 00ce3000 fd:07 23726539                   /home/grads/mec/jdk1.8.0_192/jre/lib/amd64/server/libjvm.so
7f7d3ac3c000-7f7d3ac6d000 rw-p 00d79000 fd:07 23726539                   /home/grads/mec/jdk1.8.0_192/jre/lib/amd64/server/libjvm.so
7f7d3ac6d000-7f7d3acab000 rw-p 00000000 00:00 0 
7f7d3acab000-7f7d3acc2000 r-xp 00000000 fd:07 23726215                   /home/grads/mec/jdk1.8.0_192/lib/amd64/jli/libjli.so
7f7d3acc2000-7f7d3aec1000 ---p 00017000 fd:07 23726215                   /home/grads/mec/jdk1.8.0_192/lib/amd64/jli/libjli.so
7f7d3aec1000-7f7d3aec2000 r--p 00016000 fd:07 23726215                   /home/grads/mec/jdk1.8.0_192/lib/amd64/jli/libjli.so
7f7d3aec2000-7f7d3aec3000 rw-p 00017000 fd:07 23726215                   /home/grads/mec/jdk1.8.0_192/lib/amd64/jli/libjli.so
7f7d3aec3000-7f7d3aec4000 rw-p 00000000 00:00 0 
7f7d3aed0000-7f7d3aed3000 rw-p 00000000 00:00 0 
7f7d3aed3000-7f7d3aedb000 rw-s 00000000 fd:0b 262231                     /tmp/hsperfdata_whitej/35160
7f7d3aedb000-7f7d3aedc000 rw-p 00000000 00:00 0 
7f7d3aedc000-7f7d3aedd000 r--p 00000000 00:00 0 
7f7d3aedd000-7f7d3aede000 rw-p 00000000 00:00 0 
7ffe3dfbb000-7ffe3dfd0000 rw-p 00000000 00:00 0                          [stack]
7ffe3dfe3000-7ffe3dfe4000 r-xp 00000000 00:00 0                          [vdso]
ffffffffff600000-ffffffffff601000 r-xp 00000000 00:00 0                  [vsyscall]

VM Arguments:
jvm_args: -Dapplication.home=/home/grads/mec/jdk1.8.0_192 -Xms8m 
java_command: com.sun.tools.javac.Main -cp bin -d bin src/cs1302/game/LatinSquaresGame.java
java_class_path (initial): /home/grads/mec/jdk1.8.0_192/lib/tools.jar:/home/grads/mec/jdk1.8.0_192/classes
Launcher Type: SUN_STANDARD

Environment Variables:
JAVA_HOME=/home/grads/mec/jdk
PATH=/home/grads/mec/maven/bin:/home/grads/mec/jdk/bin:/usr/lib64/qt-3.3/bin:/usr/local/bin:/bin:/usr/bin:/usr/local/sbin:/usr/sbin:/sbin
SHELL=/bin/bash
DISPLAY=localhost:15.0

Signal Handlers:
SIGSEGV: [libjvm.so+0xacfc80], sa_mask[0]=11111111011111111101111111111110, sa_flags=SA_RESTART|SA_SIGINFO
SIGBUS: [libjvm.so+0xacfc80], sa_mask[0]=11111111011111111101111111111110, sa_flags=SA_RESTART|SA_SIGINFO
SIGFPE: [libjvm.so+0x9088c0], sa_mask[0]=11111111011111111101111111111110, sa_flags=SA_RESTART|SA_SIGINFO
SIGPIPE: [libjvm.so+0x9088c0], sa_mask[0]=11111111011111111101111111111110, sa_flags=SA_RESTART|SA_SIGINFO
SIGXFSZ: [libjvm.so+0x9088c0], sa_mask[0]=11111111011111111101111111111110, sa_flags=SA_RESTART|SA_SIGINFO
SIGILL: [libjvm.so+0x9088c0], sa_mask[0]=11111111011111111101111111111110, sa_flags=SA_RESTART|SA_SIGINFO
SIGUSR1: SIG_DFL, sa_mask[0]=00000000000000000000000000000000, sa_flags=none
SIGUSR2: [libjvm.so+0x908790], sa_mask[0]=00000000000000000000000000000000, sa_flags=SA_RESTART|SA_SIGINFO
SIGHUP: SIG_DFL, sa_mask[0]=00000000000000000000000000000000, sa_flags=none
SIGINT: SIG_DFL, sa_mask[0]=00000000000000000000000000000000, sa_flags=none
SIGTERM: SIG_DFL, sa_mask[0]=00000000000000000000000000000000, sa_flags=none
SIGQUIT: SIG_DFL, sa_mask[0]=00000000000000000000000000000000, sa_flags=none


---------------  S Y S T E M  ---------------

OS:Red Hat Enterprise Linux Server release 6.10 (Santiago)

uname:Linux 2.6.32-696.23.1.el6.x86_64 #1 SMP Sat Feb 10 11:10:31 EST 2018 x86_64
libc:glibc 2.12 NPTL 2.12 
rlimit: STACK 10240k, CORE 0k, NPROC 300, NOFILE 4096, AS infinity
load average:8.28 5.46 5.76

/proc/meminfo:
MemTotal:       132138524 kB
MemFree:        48278580 kB
Buffers:        22015796 kB
Cached:         17584208 kB
SwapCached:        21744 kB
Active:         36822136 kB
Inactive:       27643364 kB
Active(anon):   24828648 kB
Inactive(anon):    63112 kB
Active(file):   11993488 kB
Inactive(file): 27580252 kB
Unevictable:           0 kB
Mlocked:               0 kB
SwapTotal:      134381564 kB
SwapFree:       109910220 kB
Dirty:              1688 kB
Writeback:             0 kB
AnonPages:      24850012 kB
Mapped:           103752 kB
Shmem:             26196 kB
Slab:           18030868 kB
SReclaimable:   17801540 kB
SUnreclaim:       229328 kB
KernelStack:       63456 kB
PageTables:       341164 kB
NFS_Unstable:          0 kB
Bounce:                0 kB
WritebackTmp:          0 kB
CommitLimit:    200450824 kB
Committed_AS:   99303244 kB
VmallocTotal:   34359738367 kB
VmallocUsed:      531480 kB
VmallocChunk:   34359052540 kB
HardwareCorrupted:     0 kB
AnonHugePages:   1914880 kB
HugePages_Total:       0
HugePages_Free:        0
HugePages_Rsvd:        0
HugePages_Surp:        0
Hugepagesize:       2048 kB
DirectMap4k:        5344 kB
DirectMap2M:     2078720 kB
DirectMap1G:    132120576 kB

container (cgroup) information:
container_type: cgroupv1
cpu_cpuset_cpus: 0-79
cpu_memory_nodes: 0
active_processor_count: 80
cpu_quota: 0
cpu_period: 0
cpu_shares: -1
memory_limit_in_bytes: -1
memory_and_swap_limit_in_bytes: -1
memory_soft_limit_in_bytes: -1
memory_usage_in_bytes: 65998643200
memory_max_usage_in_bytes: 0


CPU:total 80 (initial active 80) (10 cores per cpu, 2 threads per core) family 6 model 47 stepping 2, cmov, cx8, fxsr, mmx, sse, sse2, sse3, ssse3, sse4.1, sse4.2, popcnt, aes, clmul, ht, tsc, tscinvbit

/proc/cpuinfo:
processor	: 0
vendor_id	: GenuineIntel
cpu family	: 6
model		: 47
model name	: Intel(R) Xeon(R) CPU E7- 4870  @ 2.40GHz
stepping	: 2
microcode	: 55
cpu MHz		: 2394.174
cache size	: 30720 KB
physical id	: 0
siblings	: 20
core id		: 0
cpu cores	: 10
apicid		: 0
initial apicid	: 0
fpu		: yes
fpu_exception	: yes
cpuid level	: 11
wp		: yes
flags		: fpu vme de pse tsc msr pae mce cx8 apic sep mtrr pge mca cmov pat pse36 clflush dts acpi mmx fxsr sse sse2 ss ht tm pbe syscall nx pdpe1gb rdtscp lm constant_tsc arch_perfmon pebs bts rep_good xtopology nonstop_tsc aperfmperf pni pclmulqdq dtes64 monitor ds_cpl vmx smx est tm2 ssse3 cx16 xtpr pdcm pcid dca sse4_1 sse4_2 x2apic popcnt aes lahf_lm ida arat dtherm pti retpoline tpr_shadow vnmi flexpriority ept vpid
bogomips	: 4788.34
clflush size	: 64
cache_alignment	: 64
address sizes	: 44 bits physical, 48 bits virtual
power management:

processor	: 1
vendor_id	: GenuineIntel
cpu family	: 6
model		: 47
model name	: Intel(R) Xeon(R) CPU E7- 4870  @ 2.40GHz
stepping	: 2
microcode	: 55
cpu MHz		: 2394.174
cache size	: 30720 KB
physical id	: 1
siblings	: 20
core id		: 0
cpu cores	: 10
apicid		: 64
initial apicid	: 64
fpu		: yes
fpu_exception	: yes
cpuid level	: 11
wp		: yes
flags		: fpu vme de pse tsc msr pae mce cx8 apic sep mtrr pge mca cmov pat pse36 clflush dts acpi mmx fxsr sse sse2 ss ht tm pbe syscall nx pdpe1gb rdtscp lm constant_tsc arch_perfmon pebs bts rep_good xtopology nonstop_tsc aperfmperf pni pclmulqdq dtes64 monitor ds_cpl vmx smx est tm2 ssse3 cx16 xtpr pdcm pcid dca sse4_1 sse4_2 x2apic popcnt aes lahf_lm ida arat dtherm pti retpoline tpr_shadow vnmi flexpriority ept vpid
bogomips	: 4787.89
clflush size	: 64
cache_alignment	: 64
address sizes	: 44 bits physical, 48 bits virtual
power management:

processor	: 2
vendor_id	: GenuineIntel
cpu family	: 6
model		: 47
model name	: Intel(R) Xeon(R) CPU E7- 4870  @ 2.40GHz
stepping	: 2
microcode	: 55
cpu MHz		: 2394.174
cache size	: 30720 KB
physical id	: 2
siblings	: 20
core id		: 0
cpu cores	: 10
apicid		: 128
initial apicid	: 128
fpu		: yes
fpu_exception	: yes
cpuid level	: 11
wp		: yes
flags		: fpu vme de pse tsc msr pae mce cx8 apic sep mtrr pge mca cmov pat pse36 clflush dts acpi mmx fxsr sse sse2 ss ht tm pbe syscall nx pdpe1gb rdtscp lm constant_tsc arch_perfmon pebs bts rep_good xtopology nonstop_tsc aperfmperf pni pclmulqdq dtes64 monitor ds_cpl vmx smx est tm2 ssse3 cx16 xtpr pdcm pcid dca sse4_1 sse4_2 x2apic popcnt aes lahf_lm ida arat dtherm pti retpoline tpr_shadow vnmi flexpriority ept vpid
bogomips	: 4787.88
clflush size	: 64
cache_alignment	: 64
address sizes	: 44 bits physical, 48 bits virtual
power management:

processor	: 3
vendor_id	: GenuineIntel
cpu family	: 6
model		: 47
model name	: Intel(R) Xeon(R) CPU E7- 4870  @ 2.40GHz
stepping	: 2
microcode	: 55
cpu MHz		: 2394.174
cache size	: 30720 KB
physical id	: 3
siblings	: 20
core id		: 0
cpu cores	: 10
apicid		: 192
initial apicid	: 192
fpu		: yes
fpu_exception	: yes
cpuid level	: 11
wp		: yes
flags		: fpu vme de pse tsc msr pae mce cx8 apic sep mtrr pge mca cmov pat pse36 clflush dts acpi mmx fxsr sse sse2 ss ht tm pbe syscall nx pdpe1gb rdtscp lm constant_tsc arch_perfmon pebs bts rep_good xtopology nonstop_tsc aperfmperf pni pclmulqdq dtes64 monitor ds_cpl vmx smx est tm2 ssse3 cx16 xtpr pdcm pcid dca sse4_1 sse4_2 x2apic popcnt aes lahf_lm ida arat dtherm pti retpoline tpr_shadow vnmi flexpriority ept vpid
bogomips	: 4787.88
clflush size	: 64
cache_alignment	: 64
address sizes	: 44 bits physical, 48 bits virtual
power management:

processor	: 4
vendor_id	: GenuineIntel
cpu family	: 6
model		: 47
model name	: Intel(R) Xeon(R) CPU E7- 4870  @ 2.40GHz
stepping	: 2
microcode	: 55
cpu MHz		: 2394.174
cache size	: 30720 KB
physical id	: 0
siblings	: 20
core id		: 1
cpu cores	: 10
apicid		: 2
initial apicid	: 2
fpu		: yes
fpu_exception	: yes
cpuid level	: 11
wp		: yes
flags		: fpu vme de pse tsc msr pae mce cx8 apic sep mtrr pge mca cmov pat pse36 clflush dts acpi mmx fxsr sse sse2 ss ht tm pbe syscall nx pdpe1gb rdtscp lm constant_tsc arch_perfmon pebs bts rep_good xtopology nonstop_tsc aperfmperf pni pclmulqdq dtes64 monitor ds_cpl vmx smx est tm2 ssse3 cx16 xtpr pdcm pcid dca sse4_1 sse4_2 x2apic popcnt aes lahf_lm ida arat dtherm pti retpoline tpr_shadow vnmi flexpriority ept vpid
bogomips	: 4788.34
clflush size	: 64
cache_alignment	: 64
address sizes	: 44 bits physical, 48 bits virtual
power management:

processor	: 5
vendor_id	: GenuineIntel
cpu family	: 6
model		: 47
model name	: Intel(R) Xeon(R) CPU E7- 4870  @ 2.40GHz
stepping	: 2
microcode	: 55
cpu MHz		: 2394.174
cache size	: 30720 KB
physical id	: 1
siblings	: 20
core id		: 1
cpu cores	: 10
apicid		: 66
initial apicid	: 66
fpu		: yes
fpu_exception	: yes
cpuid level	: 11
wp		: yes
flags		: fpu vme de pse tsc msr pae mce cx8 apic sep mtrr pge mca cmov pat pse36 clflush dts acpi mmx fxsr sse sse2 ss ht tm pbe syscall nx pdpe1gb rdtscp lm constant_tsc arch_perfmon pebs bts rep_good xtopology nonstop_tsc aperfmperf pni pclmulqdq dtes64 monitor ds_cpl vmx smx est tm2 ssse3 cx16 xtpr pdcm pcid dca sse4_1 sse4_2 x2apic popcnt aes lahf_lm ida arat dtherm pti retpoline tpr_shadow vnmi flexpriority ept vpid
bogomips	: 4787.89
clflush size	: 64
cache_alignment	: 64
address sizes	: 44 bits physical, 48 bits virtual
power management:

processor	: 6
vendor_id	: GenuineIntel
cpu family	: 6
model		: 47
model name	: Intel(R) Xeon(R) CPU E7- 4870  @ 2.40GHz
stepping	: 2
microcode	: 55
cpu MHz		: 2394.174
cache size	: 30720 KB
physical id	: 2
siblings	: 20
core id		: 1
cpu cores	: 10
apicid		: 130
initial apicid	: 130
fpu		: yes
fpu_exception	: yes
cpuid level	: 11
wp		: yes
flags		: fpu vme de pse tsc msr pae mce cx8 apic sep mtrr pge mca cmov pat pse36 clflush dts acpi mmx fxsr sse sse2 ss ht tm pbe syscall nx pdpe1gb rdtscp lm constant_tsc arch_perfmon pebs bts rep_good xtopology nonstop_tsc aperfmperf pni pclmulqdq dtes64 monitor ds_cpl vmx smx est tm2 ssse3 cx16 xtpr pdcm pcid dca sse4_1 sse4_2 x2apic popcnt aes lahf_lm ida arat dtherm pti retpoline tpr_shadow vnmi flexpriority ept vpid
bogomips	: 4787.88
clflush size	: 64
cache_alignment	: 64
address sizes	: 44 bits physical, 48 bits virtual
power management:

processor	: 7
vendor_id	: GenuineIntel
cpu family	: 6
model		: 47
model name	: Intel(R) Xeon(R) CPU E7- 4870  @ 2.40GHz
stepping	: 2
microcode	: 55
cpu MHz		: 2394.174
cache size	: 30720 KB
physical id	: 3
siblings	: 20
core id		: 1
cpu cores	: 10
apicid		: 194
initial apicid	: 194
fpu		: yes
fpu_exception	: yes
cpuid level	: 11
wp		: yes
flags		: fpu vme de pse tsc msr pae mce cx8 apic sep mtrr pge mca cmov pat pse36 clflush dts acpi mmx fxsr sse sse2 ss ht tm pbe syscall nx pdpe1gb rdtscp lm constant_tsc arch_perfmon pebs bts rep_good xtopology nonstop_tsc aperfmperf pni pclmulqdq dtes64 monitor ds_cpl vmx smx est tm2 ssse3 cx16 xtpr pdcm pcid dca sse4_1 sse4_2 x2apic popcnt aes lahf_lm ida arat dtherm pti retpoline tpr_shadow vnmi flexpriority ept vpid
bogomips	: 4787.88
clflush size	: 64
cache_alignment	: 64
address sizes	: 44 bits physical, 48 bits virtual
power management:

processor	: 8
vendor_id	: GenuineIntel
cpu family	: 6
model		: 47
model name	: Intel(R) Xeon(R) CPU E7- 4870  @ 2.40GHz
stepping	: 2
microcode	: 55
cpu MHz		: 2394.174
cache size	: 30720 KB
physical id	: 0
siblings	: 20
core id		: 2
cpu cores	: 10
apicid		: 4
initial apicid	: 4
fpu		: yes
fpu_exception	: yes
cpuid level	: 11
wp		: yes
flags		: fpu vme de pse tsc msr pae mce cx8 apic sep mtrr pge mca cmov pat pse36 clflush dts acpi mmx fxsr sse sse2 ss ht tm pbe syscall nx pdpe1gb rdtscp lm constant_tsc arch_perfmon pebs bts rep_good xtopology nonstop_tsc aperfmperf pni pclmulqdq dtes64 monitor ds_cpl vmx smx est tm2 ssse3 cx16 xtpr pdcm pcid dca sse4_1 sse4_2 x2apic popcnt aes lahf_lm ida arat dtherm pti retpoline tpr_shadow vnmi flexpriority ept vpid
bogomips	: 4788.34
clflush size	: 64
cache_alignment	: 64
address sizes	: 44 bits physical, 48 bits virtual
power management:

processor	: 9
vendor_id	: GenuineIntel
cpu family	: 6
model		: 47
model name	: Intel(R) Xeon(R) CPU E7- 4870  @ 2.40GHz
stepping	: 2
microcode	: 55
cpu MHz		: 2394.174
cache size	: 30720 KB
physical id	: 1
siblings	: 20
core id		: 2
cpu cores	: 10
apicid		: 68
initial apicid	: 68
fpu		: yes
fpu_exception	: yes
cpuid level	: 11
wp		: yes
flags		: fpu vme de pse tsc msr pae mce cx8 apic sep mtrr pge mca cmov pat pse36 clflush dts acpi mmx fxsr sse sse2 ss ht tm pbe syscall nx pdpe1gb rdtscp lm constant_tsc arch_perfmon pebs bts rep_good xtopology nonstop_tsc aperfmperf pni pclmulqdq dtes64 monitor ds_cpl vmx smx est tm2 ssse3 cx16 xtpr pdcm pcid dca sse4_1 sse4_2 x2apic popcnt aes lahf_lm ida arat dtherm pti retpoline tpr_shadow vnmi flexpriority ept vpid
bogomips	: 4787.89
clflush size	: 64
cache_alignment	: 64
address sizes	: 44 bits physical, 48 bits virtual
power management:

processor	: 10
vendor_id	: GenuineIntel
cpu family	: 6
model		: 47
model name	: Intel(R) Xeon(R) CPU E7- 4870  @ 2.40GHz
stepping	: 2
microcode	: 55
cpu MHz		: 2394.174
cache size	: 30720 KB
physical id	: 2
siblings	: 20
core id		: 2
cpu cores	: 10
apicid		: 132
initial apicid	: 132
fpu		: yes
fpu_exception	: yes
cpuid level	: 11
wp		: yes
flags		: fpu vme de pse tsc msr pae mce cx8 apic sep mtrr pge mca cmov pat pse36 clflush dts acpi mmx fxsr sse sse2 ss ht tm pbe syscall nx pdpe1gb rdtscp lm constant_tsc arch_perfmon pebs bts rep_good xtopology nonstop_tsc aperfmperf pni pclmulqdq dtes64 monitor ds_cpl vmx smx est tm2 ssse3 cx16 xtpr pdcm pcid dca sse4_1 sse4_2 x2apic popcnt aes lahf_lm ida arat dtherm pti retpoline tpr_shadow vnmi flexpriority ept vpid
bogomips	: 4787.88
clflush size	: 64
cache_alignment	: 64
address sizes	: 44 bits physical, 48 bits virtual
power management:

processor	: 11
vendor_id	: GenuineIntel
cpu family	: 6
model		: 47
model name	: Intel(R) Xeon(R) CPU E7- 4870  @ 2.40GHz
stepping	: 2
microcode	: 55
cpu MHz		: 2394.174
cache size	: 30720 KB
physical id	: 3
siblings	: 20
core id		: 2
cpu cores	: 10
apicid		: 196
initial apicid	: 196
fpu		: yes
fpu_exception	: yes
cpuid level	: 11
wp		: yes
flags		: fpu vme de pse tsc msr pae mce cx8 apic sep mtrr pge mca cmov pat pse36 clflush dts acpi mmx fxsr sse sse2 ss ht tm pbe syscall nx pdpe1gb rdtscp lm constant_tsc arch_perfmon pebs bts rep_good xtopology nonstop_tsc aperfmperf pni pclmulqdq dtes64 monitor ds_cpl vmx smx est tm2 ssse3 cx16 xtpr pdcm pcid dca sse4_1 sse4_2 x2apic popcnt aes lahf_lm ida arat dtherm pti retpoline tpr_shadow vnmi flexpriority ept vpid
bogomips	: 4787.88
clflush size	: 64
cache_alignment	: 64
address sizes	: 44 bits physical, 48 bits virtual
power management:

processor	: 12
vendor_id	: GenuineIntel
cpu family	: 6
model		: 47
model name	: Intel(R) Xeon(R) CPU E7- 4870  @ 2.40GHz
stepping	: 2
microcode	: 55
cpu MHz		: 2394.174
cache size	: 30720 KB
physical id	: 0
siblings	: 20
core id		: 8
cpu cores	: 10
apicid		: 16
initial apicid	: 16
fpu		: yes
fpu_exception	: yes
cpuid level	: 11
wp		: yes
flags		: fpu vme de pse tsc msr pae mce cx8 apic sep mtrr pge mca cmov pat pse36 clflush dts acpi mmx fxsr sse sse2 ss ht tm pbe syscall nx pdpe1gb rdtscp lm constant_tsc arch_perfmon pebs bts rep_good xtopology nonstop_tsc aperfmperf pni pclmulqdq dtes64 monitor ds_cpl vmx smx est tm2 ssse3 cx16 xtpr pdcm pcid dca sse4_1 sse4_2 x2apic popcnt aes lahf_lm ida arat dtherm pti retpoline tpr_shadow vnmi flexpriority ept vpid
bogomips	: 4788.34
clflush size	: 64
cache_alignment	: 64
address sizes	: 44 bits physical, 48 bits virtual
power management:

processor	: 13
vendor_id	: GenuineIntel
cpu family	: 6
model		: 47
model name	: Intel(R) Xeon(R) CPU E7- 4870  @ 2.40GHz
stepping	: 2
microcode	: 55
cpu MHz		: 2394.174
cache size	: 30720 KB
physical id	: 1
siblings	: 20
core id		: 8
cpu cores	: 10
apicid		: 80
initial apicid	: 80
fpu		: yes
fpu_exception	: yes
cpuid level	: 11
wp		: yes
flags		: fpu vme de pse tsc msr pae mce cx8 apic sep mtrr pge mca cmov pat pse36 clflush dts acpi mmx fxsr sse sse2 ss ht tm pbe syscall nx pdpe1gb rdtscp lm constant_tsc arch_perfmon pebs bts rep_good xtopology nonstop_tsc aperfmperf pni pclmulqdq dtes64 monitor ds_cpl vmx smx est tm2 ssse3 cx16 xtpr pdcm pcid dca sse4_1 sse4_2 x2apic popcnt aes lahf_lm ida arat dtherm pti retpoline tpr_shadow vnmi flexpriority ept vpid
bogomips	: 4787.89
clflush size	: 64
cache_alignment	: 64
address sizes	: 44 bits physical, 48 bits virtual
power management:

processor	: 14
vendor_id	: GenuineIntel
cpu family	: 6
model		: 47
model name	: Intel(R) Xeon(R) CPU E7- 4870  @ 2.40GHz
stepping	: 2
microcode	: 55
cpu MHz		: 2394.174
cache size	: 30720 KB
physical id	: 2
siblings	: 20
core id		: 8
cpu cores	: 10
apicid		: 144
initial apicid	: 144
fpu		: yes
fpu_exception	: yes
cpuid level	: 11
wp		: yes
flags		: fpu vme de pse tsc msr pae mce cx8 apic sep mtrr pge mca cmov pat pse36 clflush dts acpi mmx fxsr sse sse2 ss ht tm pbe syscall nx pdpe1gb rdtscp lm constant_tsc arch_perfmon pebs bts rep_good xtopology nonstop_tsc aperfmperf pni pclmulqdq dtes64 monitor ds_cpl vmx smx est tm2 ssse3 cx16 xtpr pdcm pcid dca sse4_1 sse4_2 x2apic popcnt aes lahf_lm ida arat dtherm pti retpoline tpr_shadow vnmi flexpriority ept vpid
bogomips	: 4787.88
clflush size	: 64
cache_alignment	: 64
address sizes	: 44 bits physical, 48 bits virtual
power management:

processor	: 15
vendor_id	: GenuineIntel
cpu family	: 6
model		: 47
model name	: Intel(R) Xeon(R) CPU E7- 4870  @ 2.40GHz
stepping	: 2
microcode	: 55
cpu MHz		: 2394.174
cache size	: 30720 KB
physical id	: 3
siblings	: 20
core id		: 8
cpu cores	: 10
apicid		: 208
initial apicid	: 208
fpu		: yes
fpu_exception	: yes
cpuid level	: 11
wp		: yes
flags		: fpu vme de pse tsc msr pae mce cx8 apic sep mtrr pge mca cmov pat pse36 clflush dts acpi mmx fxsr sse sse2 ss ht tm pbe syscall nx pdpe1gb rdtscp lm constant_tsc arch_perfmon pebs bts rep_good xtopology nonstop_tsc aperfmperf pni pclmulqdq dtes64 monitor ds_cpl vmx smx est tm2 ssse3 cx16 xtpr pdcm pcid dca sse4_1 sse4_2 x2apic popcnt aes lahf_lm ida arat dtherm pti retpoline tpr_shadow vnmi flexpriority ept vpid
bogomips	: 4787.88
clflush size	: 64
cache_alignment	: 64
address sizes	: 44 bits physical, 48 bits virtual
power management:

processor	: 16
vendor_id	: GenuineIntel
cpu family	: 6
model		: 47
model name	: Intel(R) Xeon(R) CPU E7- 4870  @ 2.40GHz
stepping	: 2
microcode	: 55
cpu MHz		: 2394.174
cache size	: 30720 KB
physical id	: 0
siblings	: 20
core id		: 9
cpu cores	: 10
apicid		: 18
initial apicid	: 18
fpu		: yes
fpu_exception	: yes
cpuid level	: 11
wp		: yes
flags		: fpu vme de pse tsc msr pae mce cx8 apic sep mtrr pge mca cmov pat pse36 clflush dts acpi mmx fxsr sse sse2 ss ht tm pbe syscall nx pdpe1gb rdtscp lm constant_tsc arch_perfmon pebs bts rep_good xtopology nonstop_tsc aperfmperf pni pclmulqdq dtes64 monitor ds_cpl vmx smx est tm2 ssse3 cx16 xtpr pdcm pcid dca sse4_1 sse4_2 x2apic popcnt aes lahf_lm ida arat dtherm pti retpoline tpr_shadow vnmi flexpriority ept vpid
bogomips	: 4788.34
clflush size	: 64
cache_alignment	: 64
address sizes	: 44 bits physical, 48 bits virtual
power management:

processor	: 17
vendor_id	: GenuineIntel
cpu family	: 6
model		: 47
model name	: Intel(R) Xeon(R) CPU E7- 4870  @ 2.40GHz
stepping	: 2
microcode	: 55
cpu MHz		: 2394.174
cache size	: 30720 KB
physical id	: 1
siblings	: 20
core id		: 9
cpu cores	: 10
apicid		: 82
initial apicid	: 82
fpu		: yes
fpu_exception	: yes
cpuid level	: 11
wp		: yes
flags		: fpu vme de pse tsc msr pae mce cx8 apic sep mtrr pge mca cmov pat pse36 clflush dts acpi mmx fxsr sse sse2 ss ht tm pbe syscall nx pdpe1gb rdtscp lm constant_tsc arch_perfmon pebs bts rep_good xtopology nonstop_tsc aperfmperf pni pclmulqdq dtes64 monitor ds_cpl vmx smx est tm2 ssse3 cx16 xtpr pdcm pcid dca sse4_1 sse4_2 x2apic popcnt aes lahf_lm ida arat dtherm pti retpoline tpr_shadow vnmi flexpriority ept vpid
bogomips	: 4787.89
clflush size	: 64
cache_alignment	: 64
address sizes	: 44 bits physical, 48 bits virtual
power management:

processor	: 18
vendor_id	: GenuineIntel
cpu family	: 6
model		: 47
model name	: Intel(R) Xeon(R) CPU E7- 4870  @ 2.40GHz
stepping	: 2
microcode	: 55
cpu MHz		: 2394.174
cache size	: 30720 KB
physical id	: 2
siblings	: 20
core id		: 9
cpu cores	: 10
apicid		: 146
initial apicid	: 146
fpu		: yes
fpu_exception	: yes
cpuid level	: 11
wp		: yes
flags		: fpu vme de pse tsc msr pae mce cx8 apic sep mtrr pge mca cmov pat pse36 clflush dts acpi mmx fxsr sse sse2 ss ht tm pbe syscall nx pdpe1gb rdtscp lm constant_tsc arch_perfmon pebs bts rep_good xtopology nonstop_tsc aperfmperf pni pclmulqdq dtes64 monitor ds_cpl vmx smx est tm2 ssse3 cx16 xtpr pdcm pcid dca sse4_1 sse4_2 x2apic popcnt aes lahf_lm ida arat dtherm pti retpoline tpr_shadow vnmi flexpriority ept vpid
bogomips	: 4787.88
clflush size	: 64
cache_alignment	: 64
address sizes	: 44 bits physical, 48 bits virtual
power management:

processor	: 19
vendor_id	: GenuineIntel
cpu family	: 6
model		: 47
model name	: Intel(R) Xeon(R) CPU E7- 4870  @ 2.40GHz
stepping	: 2
microcode	: 55
cpu MHz		: 2394.174
cache size	: 30720 KB
physical id	: 3
siblings	: 20
core id		: 9
cpu cores	: 10
apicid		: 210
initial apicid	: 210
fpu		: yes
fpu_exception	: yes
cpuid level	: 11
wp		: yes
flags		: fpu vme de pse tsc msr pae mce cx8 apic sep mtrr pge mca cmov pat pse36 clflush dts acpi mmx fxsr sse sse2 ss ht tm pbe syscall nx pdpe1gb rdtscp lm constant_tsc arch_perfmon pebs bts rep_good xtopology nonstop_tsc aperfmperf pni pclmulqdq dtes64 monitor ds_cpl vmx smx est tm2 ssse3 cx16 xtpr pdcm pcid dca sse4_1 sse4_2 x2apic popcnt aes lahf_lm ida arat dtherm pti retpoline tpr_shadow vnmi flexpriority ept vpid
bogomips	: 4787.88
clflush size	: 64
cache_alignment	: 64
address sizes	: 44 bits physical, 48 bits virtual
power management:

processor	: 20
vendor_id	: GenuineIntel
cpu family	: 6
model		: 47
model name	: Intel(R) Xeon(R) CPU E7- 4870  @ 2.40GHz
stepping	: 2
microcode	: 55
cpu MHz		: 2394.174
cache size	: 30720 KB
physical id	: 0
siblings	: 20
core id		: 16
cpu cores	: 10
apicid		: 32
initial apicid	: 32
fpu		: yes
fpu_exception	: yes
cpuid level	: 11
wp		: yes
flags		: fpu vme de pse tsc msr pae mce cx8 apic sep mtrr pge mca cmov pat pse36 clflush dts acpi mmx fxsr sse sse2 ss ht tm pbe syscall nx pdpe1gb rdtscp lm constant_tsc arch_perfmon pebs bts rep_good xtopology nonstop_tsc aperfmperf pni pclmulqdq dtes64 monitor ds_cpl vmx smx est tm2 ssse3 cx16 xtpr pdcm pcid dca sse4_1 sse4_2 x2apic popcnt aes lahf_lm ida arat dtherm pti retpoline tpr_shadow vnmi flexpriority ept vpid
bogomips	: 4788.34
clflush size	: 64
cache_alignment	: 64
address sizes	: 44 bits physical, 48 bits virtual
power management:

processor	: 21
vendor_id	: GenuineIntel
cpu family	: 6
model		: 47
model name	: Intel(R) Xeon(R) CPU E7- 4870  @ 2.40GHz
stepping	: 2
microcode	: 55
cpu MHz		: 2394.174
cache size	: 30720 KB
physical id	: 1
siblings	: 20
core id		: 16
cpu cores	: 10
apicid		: 96
initial apicid	: 96
fpu		: yes
fpu_exception	: yes
cpuid level	: 11
wp		: yes
flags		: fpu vme de pse tsc msr pae mce cx8 apic sep mtrr pge mca cmov pat pse36 clflush dts acpi mmx fxsr sse sse2 ss ht tm pbe syscall nx pdpe1gb rdtscp lm constant_tsc arch_perfmon pebs bts rep_good xtopology nonstop_tsc aperfmperf pni pclmulqdq dtes64 monitor ds_cpl vmx smx est tm2 ssse3 cx16 xtpr pdcm pcid dca sse4_1 sse4_2 x2apic popcnt aes lahf_lm ida arat dtherm pti retpoline tpr_shadow vnmi flexpriority ept vpid
bogomips	: 4787.89
clflush size	: 64
cache_alignment	: 64
address sizes	: 44 bits physical, 48 bits virtual
power management:

processor	: 22
vendor_id	: GenuineIntel
cpu family	: 6
model		: 47
model name	: Intel(R) Xeon(R) CPU E7- 4870  @ 2.40GHz
stepping	: 2
microcode	: 55
cpu MHz		: 2394.174
cache size	: 30720 KB
physical id	: 2
siblings	: 20
core id		: 16
cpu cores	: 10
apicid		: 160
initial apicid	: 160
fpu		: yes
fpu_exception	: yes
cpuid level	: 11
wp		: yes
flags		: fpu vme de pse tsc msr pae mce cx8 apic sep mtrr pge mca cmov pat pse36 clflush dts acpi mmx fxsr sse sse2 ss ht tm pbe syscall nx pdpe1gb rdtscp lm constant_tsc arch_perfmon pebs bts rep_good xtopology nonstop_tsc aperfmperf pni pclmulqdq dtes64 monitor ds_cpl vmx smx est tm2 ssse3 cx16 xtpr pdcm pcid dca sse4_1 sse4_2 x2apic popcnt aes lahf_lm ida arat dtherm pti retpoline tpr_shadow vnmi flexpriority ept vpid
bogomips	: 4787.88
clflush size	: 64
cache_alignment	: 64
address sizes	: 44 bits physical, 48 bits virtual
power management:

processor	: 23
vendor_id	: GenuineIntel
cpu family	: 6
model		: 47
model name	: Intel(R) Xeon(R) CPU E7- 4870  @ 2.40GHz
stepping	: 2
microcode	: 55
cpu MHz		: 2394.174
cache size	: 30720 KB
physical id	: 3
siblings	: 20
core id		: 16
cpu cores	: 10
apicid		: 224
initial apicid	: 224
fpu		: yes
fpu_exception	: yes
cpuid level	: 11
wp		: yes
flags		: fpu vme de pse tsc msr pae mce cx8 apic sep mtrr pge mca cmov pat pse36 clflush dts acpi mmx fxsr sse sse2 ss ht tm pbe syscall nx pdpe1gb rdtscp lm constant_tsc arch_perfmon pebs bts rep_good xtopology nonstop_tsc aperfmperf pni pclmulqdq dtes64 monitor ds_cpl vmx smx est tm2 ssse3 cx16 xtpr pdcm pcid dca sse4_1 sse4_2 x2apic popcnt aes lahf_lm ida arat dtherm pti retpoline tpr_shadow vnmi flexpriority ept vpid
bogomips	: 4787.88
clflush size	: 64
cache_alignment	: 64
address sizes	: 44 bits physical, 48 bits virtual
power management:

processor	: 24
vendor_id	: GenuineIntel
cpu family	: 6
model		: 47
model name	: Intel(R) Xeon(R) CPU E7- 4870  @ 2.40GHz
stepping	: 2
microcode	: 55
cpu MHz		: 2394.174
cache size	: 30720 KB
physical id	: 0
siblings	: 20
core id		: 17
cpu cores	: 10
apicid		: 34
initial apicid	: 34
fpu		: yes
fpu_exception	: yes
cpuid level	: 11
wp		: yes
flags		: fpu vme de pse tsc msr pae mce cx8 apic sep mtrr pge mca cmov pat pse36 clflush dts acpi mmx fxsr sse sse2 ss ht tm pbe syscall nx pdpe1gb rdtscp lm constant_tsc arch_perfmon pebs bts rep_good xtopology nonstop_tsc aperfmperf pni pclmulqdq dtes64 monitor ds_cpl vmx smx est tm2 ssse3 cx16 xtpr pdcm pcid dca sse4_1 sse4_2 x2apic popcnt aes lahf_lm ida arat dtherm pti retpoline tpr_shadow vnmi flexpriority ept vpid
bogomips	: 4788.34
clflush size	: 64
cache_alignment	: 64
address sizes	: 44 bits physical, 48 bits virtual
power management:

processor	: 25
vendor_id	: GenuineIntel
cpu family	: 6
model		: 47
model name	: Intel(R) Xeon(R) CPU E7- 4870  @ 2.40GHz
stepping	: 2
microcode	: 55
cpu MHz		: 2394.174
cache size	: 30720 KB
physical id	: 1
siblings	: 20
core id		: 17
cpu cores	: 10
apicid		: 98
initial apicid	: 98
fpu		: yes
fpu_exception	: yes
cpuid level	: 11
wp		: yes
flags		: fpu vme de pse tsc msr pae mce cx8 apic sep mtrr pge mca cmov pat pse36 clflush dts acpi mmx fxsr sse sse2 ss ht tm pbe syscall nx pdpe1gb rdtscp lm constant_tsc arch_perfmon pebs bts rep_good xtopology nonstop_tsc aperfmperf pni pclmulqdq dtes64 monitor ds_cpl vmx smx est tm2 ssse3 cx16 xtpr pdcm pcid dca sse4_1 sse4_2 x2apic popcnt aes lahf_lm ida arat dtherm pti retpoline tpr_shadow vnmi flexpriority ept vpid
bogomips	: 4787.89
clflush size	: 64
cache_alignment	: 64
address sizes	: 44 bits physical, 48 bits virtual
power management:

processor	: 26
vendor_id	: GenuineIntel
cpu family	: 6
model		: 47
model name	: Intel(R) Xeon(R) CPU E7- 4870  @ 2.40GHz
stepping	: 2
microcode	: 55
cpu MHz		: 2394.174
cache size	: 30720 KB
physical id	: 2
siblings	: 20
core id		: 17
cpu cores	: 10
apicid		: 162
initial apicid	: 162
fpu		: yes
fpu_exception	: yes
cpuid level	: 11
wp		: yes
flags		: fpu vme de pse tsc msr pae mce cx8 apic sep mtrr pge mca cmov pat pse36 clflush dts acpi mmx fxsr sse sse2 ss ht tm pbe syscall nx pdpe1gb rdtscp lm constant_tsc arch_perfmon pebs bts rep_good xtopology nonstop_tsc aperfmperf pni pclmulqdq dtes64 monitor ds_cpl vmx smx est tm2 ssse3 cx16 xtpr pdcm pcid dca sse4_1 sse4_2 x2apic popcnt aes lahf_lm ida arat dtherm pti retpoline tpr_shadow vnmi flexpriority ept vpid
bogomips	: 4787.88
clflush size	: 64
cache_alignment	: 64
address sizes	: 44 bits physical, 48 bits virtual
power management:

processor	: 27
vendor_id	: GenuineIntel
cpu family	: 6
model		: 47
model name	: Intel(R) Xeon(R) CPU E7- 4870  @ 2.40GHz
stepping	: 2
microcode	: 55
cpu MHz		: 2394.174
cache size	: 30720 KB
physical id	: 3
siblings	: 20
core id		: 17
cpu cores	: 10
apicid		: 226
initial apicid	: 226
fpu		: yes
fpu_exception	: yes
cpuid level	: 11
wp		: yes
flags		: fpu vme de pse tsc msr pae mce cx8 apic sep mtrr pge mca cmov pat pse36 clflush dts acpi mmx fxsr sse sse2 ss ht tm pbe syscall nx pdpe1gb rdtscp lm constant_tsc arch_perfmon pebs bts rep_good xtopology nonstop_tsc aperfmperf pni pclmulqdq dtes64 monitor ds_cpl vmx smx est tm2 ssse3 cx16 xtpr pdcm pcid dca sse4_1 sse4_2 x2apic popcnt aes lahf_lm ida arat dtherm pti retpoline tpr_shadow vnmi flexpriority ept vpid
bogomips	: 4787.88
clflush size	: 64
cache_alignment	: 64
address sizes	: 44 bits physical, 48 bits virtual
power management:

processor	: 28
vendor_id	: GenuineIntel
cpu family	: 6
model		: 47
model name	: Intel(R) Xeon(R) CPU E7- 4870  @ 2.40GHz
stepping	: 2
microcode	: 55
cpu MHz		: 2394.174
cache size	: 30720 KB
physical id	: 0
siblings	: 20
core id		: 18
cpu cores	: 10
apicid		: 36
initial apicid	: 36
fpu		: yes
fpu_exception	: yes
cpuid level	: 11
wp		: yes
flags		: fpu vme de pse tsc msr pae mce cx8 apic sep mtrr pge mca cmov pat pse36 clflush dts acpi mmx fxsr sse sse2 ss ht tm pbe syscall nx pdpe1gb rdtscp lm constant_tsc arch_perfmon pebs bts rep_good xtopology nonstop_tsc aperfmperf pni pclmulqdq dtes64 monitor ds_cpl vmx smx est tm2 ssse3 cx16 xtpr pdcm pcid dca sse4_1 sse4_2 x2apic popcnt aes lahf_lm ida arat dtherm pti retpoline tpr_shadow vnmi flexpriority ept vpid
bogomips	: 4788.34
clflush size	: 64
cache_alignment	: 64
address sizes	: 44 bits physical, 48 bits virtual
power management:

processor	: 29
vendor_id	: GenuineIntel
cpu family	: 6
model		: 47
model name	: Intel(R) Xeon(R) CPU E7- 4870  @ 2.40GHz
stepping	: 2
microcode	: 55
cpu MHz		: 2394.174
cache size	: 30720 KB
physical id	: 1
siblings	: 20
core id		: 18
cpu cores	: 10
apicid		: 100
initial apicid	: 100
fpu		: yes
fpu_exception	: yes
cpuid level	: 11
wp		: yes
flags		: fpu vme de pse tsc msr pae mce cx8 apic sep mtrr pge mca cmov pat pse36 clflush dts acpi mmx fxsr sse sse2 ss ht tm pbe syscall nx pdpe1gb rdtscp lm constant_tsc arch_perfmon pebs bts rep_good xtopology nonstop_tsc aperfmperf pni pclmulqdq dtes64 monitor ds_cpl vmx smx est tm2 ssse3 cx16 xtpr pdcm pcid dca sse4_1 sse4_2 x2apic popcnt aes lahf_lm ida arat dtherm pti retpoline tpr_shadow vnmi flexpriority ept vpid
bogomips	: 4787.89
clflush size	: 64
cache_alignment	: 64
address sizes	: 44 bits physical, 48 bits virtual
power management:

processor	: 30
vendor_id	: GenuineIntel
cpu family	: 6
model		: 47
model name	: Intel(R) Xeon(R) CPU E7- 4870  @ 2.40GHz
stepping	: 2
microcode	: 55
cpu MHz		: 2394.174
cache size	: 30720 KB
physical id	: 2
siblings	: 20
core id		: 18
cpu cores	: 10
apicid		: 164
initial apicid	: 164
fpu		: yes
fpu_exception	: yes
cpuid level	: 11
wp		: yes
flags		: fpu vme de pse tsc msr pae mce cx8 apic sep mtrr pge mca cmov pat pse36 clflush dts acpi mmx fxsr sse sse2 ss ht tm pbe syscall nx pdpe1gb rdtscp lm constant_tsc arch_perfmon pebs bts rep_good xtopology nonstop_tsc aperfmperf pni pclmulqdq dtes64 monitor ds_cpl vmx smx est tm2 ssse3 cx16 xtpr pdcm pcid dca sse4_1 sse4_2 x2apic popcnt aes lahf_lm ida arat dtherm pti retpoline tpr_shadow vnmi flexpriority ept vpid
bogomips	: 4787.88
clflush size	: 64
cache_alignment	: 64
address sizes	: 44 bits physical, 48 bits virtual
power management:

processor	: 31
vendor_id	: GenuineIntel
cpu family	: 6
model		: 47
model name	: Intel(R) Xeon(R) CPU E7- 4870  @ 2.40GHz
stepping	: 2
microcode	: 55
cpu MHz		: 2394.174
cache size	: 30720 KB
physical id	: 3
siblings	: 20
core id		: 18
cpu cores	: 10
apicid		: 228
initial apicid	: 228
fpu		: yes
fpu_exception	: yes
cpuid level	: 11
wp		: yes
flags		: fpu vme de pse tsc msr pae mce cx8 apic sep mtrr pge mca cmov pat pse36 clflush dts acpi mmx fxsr sse sse2 ss ht tm pbe syscall nx pdpe1gb rdtscp lm constant_tsc arch_perfmon pebs bts rep_good xtopology nonstop_tsc aperfmperf pni pclmulqdq dtes64 monitor ds_cpl vmx smx est tm2 ssse3 cx16 xtpr pdcm pcid dca sse4_1 sse4_2 x2apic popcnt aes lahf_lm ida arat dtherm pti retpoline tpr_shadow vnmi flexpriority ept vpid
bogomips	: 4787.88
clflush size	: 64
cache_alignment	: 64
address sizes	: 44 bits physical, 48 bits virtual
power management:

processor	: 32
vendor_id	: GenuineIntel
cpu family	: 6
model		: 47
model name	: Intel(R) Xeon(R) CPU E7- 4870  @ 2.40GHz
stepping	: 2
microcode	: 55
cpu MHz		: 2394.174
cache size	: 30720 KB
physical id	: 0
siblings	: 20
core id		: 24
cpu cores	: 10
apicid		: 48
initial apicid	: 48
fpu		: yes
fpu_exception	: yes
cpuid level	: 11
wp		: yes
flags		: fpu vme de pse tsc msr pae mce cx8 apic sep mtrr pge mca cmov pat pse36 clflush dts acpi mmx fxsr sse sse2 ss ht tm pbe syscall nx pdpe1gb rdtscp lm constant_tsc arch_perfmon pebs bts rep_good xtopology nonstop_tsc aperfmperf pni pclmulqdq dtes64 monitor ds_cpl vmx smx est tm2 ssse3 cx16 xtpr pdcm pcid dca sse4_1 sse4_2 x2apic popcnt aes lahf_lm ida arat dtherm pti retpoline tpr_shadow vnmi flexpriority ept vpid
bogomips	: 4788.34
clflush size	: 64
cache_alignment	: 64
address sizes	: 44 bits physical, 48 bits virtual
power management:

processor	: 33
vendor_id	: GenuineIntel
cpu family	: 6
model		: 47
model name	: Intel(R) Xeon(R) CPU E7- 4870  @ 2.40GHz
stepping	: 2
microcode	: 55
cpu MHz		: 2394.174
cache size	: 30720 KB
physical id	: 1
siblings	: 20
core id		: 24
cpu cores	: 10
apicid		: 112
initial apicid	: 112
fpu		: yes
fpu_exception	: yes
cpuid level	: 11
wp		: yes
flags		: fpu vme de pse tsc msr pae mce cx8 apic sep mtrr pge mca cmov pat pse36 clflush dts acpi mmx fxsr sse sse2 ss ht tm pbe syscall nx pdpe1gb rdtscp lm constant_tsc arch_perfmon pebs bts rep_good xtopology nonstop_tsc aperfmperf pni pclmulqdq dtes64 monitor ds_cpl vmx smx est tm2 ssse3 cx16 xtpr pdcm pcid dca sse4_1 sse4_2 x2apic popcnt aes lahf_lm ida arat dtherm pti retpoline tpr_shadow vnmi flexpriority ept vpid
bogomips	: 4787.89
clflush size	: 64
cache_alignment	: 64
address sizes	: 44 bits physical, 48 bits virtual
power management:

processor	: 34
vendor_id	: GenuineIntel
cpu family	: 6
model		: 47
model name	: Intel(R) Xeon(R) CPU E7- 4870  @ 2.40GHz
stepping	: 2
microcode	: 55
cpu MHz		: 2394.174
cache size	: 30720 KB
physical id	: 2
siblings	: 20
core id		: 24
cpu cores	: 10
apicid		: 176
initial apicid	: 176
fpu		: yes
fpu_exception	: yes
cpuid level	: 11
wp		: yes
flags		: fpu vme de pse tsc msr pae mce cx8 apic sep mtrr pge mca cmov pat pse36 clflush dts acpi mmx fxsr sse sse2 ss ht tm pbe syscall nx pdpe1gb rdtscp lm constant_tsc arch_perfmon pebs bts rep_good xtopology nonstop_tsc aperfmperf pni pclmulqdq dtes64 monitor ds_cpl vmx smx est tm2 ssse3 cx16 xtpr pdcm pcid dca sse4_1 sse4_2 x2apic popcnt aes lahf_lm ida arat dtherm pti retpoline tpr_shadow vnmi flexpriority ept vpid
bogomips	: 4787.88
clflush size	: 64
cache_alignment	: 64
address sizes	: 44 bits physical, 48 bits virtual
power management:

processor	: 35
vendor_id	: GenuineIntel
cpu family	: 6
model		: 47
model name	: Intel(R) Xeon(R) CPU E7- 4870  @ 2.40GHz
stepping	: 2
microcode	: 55
cpu MHz		: 2394.174
cache size	: 30720 KB
physical id	: 3
siblings	: 20
core id		: 24
cpu cores	: 10
apicid		: 240
initial apicid	: 240
fpu		: yes
fpu_exception	: yes
cpuid level	: 11
wp		: yes
flags		: fpu vme de pse tsc msr pae mce cx8 apic sep mtrr pge mca cmov pat pse36 clflush dts acpi mmx fxsr sse sse2 ss ht tm pbe syscall nx pdpe1gb rdtscp lm constant_tsc arch_perfmon pebs bts rep_good xtopology nonstop_tsc aperfmperf pni pclmulqdq dtes64 monitor ds_cpl vmx smx est tm2 ssse3 cx16 xtpr pdcm pcid dca sse4_1 sse4_2 x2apic popcnt aes lahf_lm ida arat dtherm pti retpoline tpr_shadow vnmi flexpriority ept vpid
bogomips	: 4787.88
clflush size	: 64
cache_alignment	: 64
address sizes	: 44 bits physical, 48 bits virtual
power management:

processor	: 36
vendor_id	: GenuineIntel
cpu family	: 6
model		: 47
model name	: Intel(R) Xeon(R) CPU E7- 4870  @ 2.40GHz
stepping	: 2
microcode	: 55
cpu MHz		: 2394.174
cache size	: 30720 KB
physical id	: 0
siblings	: 20
core id		: 25
cpu cores	: 10
apicid		: 50
initial apicid	: 50
fpu		: yes
fpu_exception	: yes
cpuid level	: 11
wp		: yes
flags		: fpu vme de pse tsc msr pae mce cx8 apic sep mtrr pge mca cmov pat pse36 clflush dts acpi mmx fxsr sse sse2 ss ht tm pbe syscall nx pdpe1gb rdtscp lm constant_tsc arch_perfmon pebs bts rep_good xtopology nonstop_tsc aperfmperf pni pclmulqdq dtes64 monitor ds_cpl vmx smx est tm2 ssse3 cx16 xtpr pdcm pcid dca sse4_1 sse4_2 x2apic popcnt aes lahf_lm ida arat dtherm pti retpoline tpr_shadow vnmi flexpriority ept vpid
bogomips	: 4788.34
clflush size	: 64
cache_alignment	: 64
address sizes	: 44 bits physical, 48 bits virtual
power management:

processor	: 37
vendor_id	: GenuineIntel
cpu family	: 6
model		: 47
model name	: Intel(R) Xeon(R) CPU E7- 4870  @ 2.40GHz
stepping	: 2
microcode	: 55
cpu MHz		: 2394.174
cache size	: 30720 KB
physical id	: 1
siblings	: 20
core id		: 25
cpu cores	: 10
apicid		: 114
initial apicid	: 114
fpu		: yes
fpu_exception	: yes
cpuid level	: 11
wp		: yes
flags		: fpu vme de pse tsc msr pae mce cx8 apic sep mtrr pge mca cmov pat pse36 clflush dts acpi mmx fxsr sse sse2 ss ht tm pbe syscall nx pdpe1gb rdtscp lm constant_tsc arch_perfmon pebs bts rep_good xtopology nonstop_tsc aperfmperf pni pclmulqdq dtes64 monitor ds_cpl vmx smx est tm2 ssse3 cx16 xtpr pdcm pcid dca sse4_1 sse4_2 x2apic popcnt aes lahf_lm ida arat dtherm pti retpoline tpr_shadow vnmi flexpriority ept vpid
bogomips	: 4787.89
clflush size	: 64
cache_alignment	: 64
address sizes	: 44 bits physical, 48 bits virtual
power management:

processor	: 38
vendor_id	: GenuineIntel
cpu family	: 6
model		: 47
model name	: Intel(R) Xeon(R) CPU E7- 4870  @ 2.40GHz
stepping	: 2
microcode	: 55
cpu MHz		: 2394.174
cache size	: 30720 KB
physical id	: 2
siblings	: 20
core id		: 25
cpu cores	: 10
apicid		: 178
initial apicid	: 178
fpu		: yes
fpu_exception	: yes
cpuid level	: 11
wp		: yes
flags		: fpu vme de pse tsc msr pae mce cx8 apic sep mtrr pge mca cmov pat pse36 clflush dts acpi mmx fxsr sse sse2 ss ht tm pbe syscall nx pdpe1gb rdtscp lm constant_tsc arch_perfmon pebs bts rep_good xtopology nonstop_tsc aperfmperf pni pclmulqdq dtes64 monitor ds_cpl vmx smx est tm2 ssse3 cx16 xtpr pdcm pcid dca sse4_1 sse4_2 x2apic popcnt aes lahf_lm ida arat dtherm pti retpoline tpr_shadow vnmi flexpriority ept vpid
bogomips	: 4787.88
clflush size	: 64
cache_alignment	: 64
address sizes	: 44 bits physical, 48 bits virtual
power management:

processor	: 39
vendor_id	: GenuineIntel
cpu family	: 6
model		: 47
model name	: Intel(R) Xeon(R) CPU E7- 4870  @ 2.40GHz
stepping	: 2
microcode	: 55
cpu MHz		: 2394.174
cache size	: 30720 KB
physical id	: 3
siblings	: 20
core id		: 25
cpu cores	: 10
apicid		: 242
initial apicid	: 242
fpu		: yes
fpu_exception	: yes
cpuid level	: 11
wp		: yes
flags		: fpu vme de pse tsc msr pae mce cx8 apic sep mtrr pge mca cmov pat pse36 clflush dts acpi mmx fxsr sse sse2 ss ht tm pbe syscall nx pdpe1gb rdtscp lm constant_tsc arch_perfmon pebs bts rep_good xtopology nonstop_tsc aperfmperf pni pclmulqdq dtes64 monitor ds_cpl vmx smx est tm2 ssse3 cx16 xtpr pdcm pcid dca sse4_1 sse4_2 x2apic popcnt aes lahf_lm ida arat dtherm pti retpoline tpr_shadow vnmi flexpriority ept vpid
bogomips	: 4787.88
clflush size	: 64
cache_alignment	: 64
address sizes	: 44 bits physical, 48 bits virtual
power management:

processor	: 40
vendor_id	: GenuineIntel
cpu family	: 6
model		: 47
model name	: Intel(R) Xeon(R) CPU E7- 4870  @ 2.40GHz
stepping	: 2
microcode	: 55
cpu MHz		: 2394.174
cache size	: 30720 KB
physical id	: 0
siblings	: 20
core id		: 0
cpu cores	: 10
apicid		: 1
initial apicid	: 1
fpu		: yes
fpu_exception	: yes
cpuid level	: 11
wp		: yes
flags		: fpu vme de pse tsc msr pae mce cx8 apic sep mtrr pge mca cmov pat pse36 clflush dts acpi mmx fxsr sse sse2 ss ht tm pbe syscall nx pdpe1gb rdtscp lm constant_tsc arch_perfmon pebs bts rep_good xtopology nonstop_tsc aperfmperf pni pclmulqdq dtes64 monitor ds_cpl vmx smx est tm2 ssse3 cx16 xtpr pdcm pcid dca sse4_1 sse4_2 x2apic popcnt aes lahf_lm ida arat dtherm pti retpoline tpr_shadow vnmi flexpriority ept vpid
bogomips	: 4788.34
clflush size	: 64
cache_alignment	: 64
address sizes	: 44 bits physical, 48 bits virtual
power management:

processor	: 41
vendor_id	: GenuineIntel
cpu family	: 6
model		: 47
model name	: Intel(R) Xeon(R) CPU E7- 4870  @ 2.40GHz
stepping	: 2
microcode	: 55
cpu MHz		: 2394.174
cache size	: 30720 KB
physical id	: 1
siblings	: 20
core id		: 0
cpu cores	: 10
apicid		: 65
initial apicid	: 65
fpu		: yes
fpu_exception	: yes
cpuid level	: 11
wp		: yes
flags		: fpu vme de pse tsc msr pae mce cx8 apic sep mtrr pge mca cmov pat pse36 clflush dts acpi mmx fxsr sse sse2 ss ht tm pbe syscall nx pdpe1gb rdtscp lm constant_tsc arch_perfmon pebs bts rep_good xtopology nonstop_tsc aperfmperf pni pclmulqdq dtes64 monitor ds_cpl vmx smx est tm2 ssse3 cx16 xtpr pdcm pcid dca sse4_1 sse4_2 x2apic popcnt aes lahf_lm ida arat dtherm pti retpoline tpr_shadow vnmi flexpriority ept vpid
bogomips	: 4787.89
clflush size	: 64
cache_alignment	: 64
address sizes	: 44 bits physical, 48 bits virtual
power management:

processor	: 42
vendor_id	: GenuineIntel
cpu family	: 6
model		: 47
model name	: Intel(R) Xeon(R) CPU E7- 4870  @ 2.40GHz
stepping	: 2
microcode	: 55
cpu MHz		: 2394.174
cache size	: 30720 KB
physical id	: 2
siblings	: 20
core id		: 0
cpu cores	: 10
apicid		: 129
initial apicid	: 129
fpu		: yes
fpu_exception	: yes
cpuid level	: 11
wp		: yes
flags		: fpu vme de pse tsc msr pae mce cx8 apic sep mtrr pge mca cmov pat pse36 clflush dts acpi mmx fxsr sse sse2 ss ht tm pbe syscall nx pdpe1gb rdtscp lm constant_tsc arch_perfmon pebs bts rep_good xtopology nonstop_tsc aperfmperf pni pclmulqdq dtes64 monitor ds_cpl vmx smx est tm2 ssse3 cx16 xtpr pdcm pcid dca sse4_1 sse4_2 x2apic popcnt aes lahf_lm ida arat dtherm pti retpoline tpr_shadow vnmi flexpriority ept vpid
bogomips	: 4787.88
clflush size	: 64
cache_alignment	: 64
address sizes	: 44 bits physical, 48 bits virtual
power management:

processor	: 43
vendor_id	: GenuineIntel
cpu family	: 6
model		: 47
model name	: Intel(R) Xeon(R) CPU E7- 4870  @ 2.40GHz
stepping	: 2
microcode	: 55
cpu MHz		: 2394.174
cache size	: 30720 KB
physical id	: 3
siblings	: 20
core id		: 0
cpu cores	: 10
apicid		: 193
initial apicid	: 193
fpu		: yes
fpu_exception	: yes
cpuid level	: 11
wp		: yes
flags		: fpu vme de pse tsc msr pae mce cx8 apic sep mtrr pge mca cmov pat pse36 clflush dts acpi mmx fxsr sse sse2 ss ht tm pbe syscall nx pdpe1gb rdtscp lm constant_tsc arch_perfmon pebs bts rep_good xtopology nonstop_tsc aperfmperf pni pclmulqdq dtes64 monitor ds_cpl vmx smx est tm2 ssse3 cx16 xtpr pdcm pcid dca sse4_1 sse4_2 x2apic popcnt aes lahf_lm ida arat dtherm pti retpoline tpr_shadow vnmi flexpriority ept vpid
bogomips	: 4787.88
clflush size	: 64
cache_alignment	: 64
address sizes	: 44 bits physical, 48 bits virtual
power management:

processor	: 44
vendor_id	: GenuineIntel
cpu family	: 6
model		: 47
model name	: Intel(R) Xeon(R) CPU E7- 4870  @ 2.40GHz
stepping	: 2
microcode	: 55
cpu MHz		: 2394.174
cache size	: 30720 KB
physical id	: 0
siblings	: 20
core id		: 1
cpu cores	: 10
apicid		: 3
initial apicid	: 3
fpu		: yes
fpu_exception	: yes
cpuid level	: 11
wp		: yes
flags		: fpu vme de pse tsc msr pae mce cx8 apic sep mtrr pge mca cmov pat pse36 clflush dts acpi mmx fxsr sse sse2 ss ht tm pbe syscall nx pdpe1gb rdtscp lm constant_tsc arch_perfmon pebs bts rep_good xtopology nonstop_tsc aperfmperf pni pclmulqdq dtes64 monitor ds_cpl vmx smx est tm2 ssse3 cx16 xtpr pdcm pcid dca sse4_1 sse4_2 x2apic popcnt aes lahf_lm ida arat dtherm pti retpoline tpr_shadow vnmi flexpriority ept vpid
bogomips	: 4788.34
clflush size	: 64
cache_alignment	: 64
address sizes	: 44 bits physical, 48 bits virtual
power management:

processor	: 45
vendor_id	: GenuineIntel
cpu family	: 6
model		: 47
model name	: Intel(R) Xeon(R) CPU E7- 4870  @ 2.40GHz
stepping	: 2
microcode	: 55
cpu MHz		: 2394.174
cache size	: 30720 KB
physical id	: 1
siblings	: 20
core id		: 1
cpu cores	: 10
apicid		: 67
initial apicid	: 67
fpu		: yes
fpu_exception	: yes
cpuid level	: 11
wp		: yes
flags		: fpu vme de pse tsc msr pae mce cx8 apic sep mtrr pge mca cmov pat pse36 clflush dts acpi mmx fxsr sse sse2 ss ht tm pbe syscall nx pdpe1gb rdtscp lm constant_tsc arch_perfmon pebs bts rep_good xtopology nonstop_tsc aperfmperf pni pclmulqdq dtes64 monitor ds_cpl vmx smx est tm2 ssse3 cx16 xtpr pdcm pcid dca sse4_1 sse4_2 x2apic popcnt aes lahf_lm ida arat dtherm pti retpoline tpr_shadow vnmi flexpriority ept vpid
bogomips	: 4787.89
clflush size	: 64
cache_alignment	: 64
address sizes	: 44 bits physical, 48 bits virtual
power management:

processor	: 46
vendor_id	: GenuineIntel
cpu family	: 6
model		: 47
model name	: Intel(R) Xeon(R) CPU E7- 4870  @ 2.40GHz
stepping	: 2
microcode	: 55
cpu MHz		: 2394.174
cache size	: 30720 KB
physical id	: 2
siblings	: 20
core id		: 1
cpu cores	: 10
apicid		: 131
initial apicid	: 131
fpu		: yes
fpu_exception	: yes
cpuid level	: 11
wp		: yes
flags		: fpu vme de pse tsc msr pae mce cx8 apic sep mtrr pge mca cmov pat pse36 clflush dts acpi mmx fxsr sse sse2 ss ht tm pbe syscall nx pdpe1gb rdtscp lm constant_tsc arch_perfmon pebs bts rep_good xtopology nonstop_tsc aperfmperf pni pclmulqdq dtes64 monitor ds_cpl vmx smx est tm2 ssse3 cx16 xtpr pdcm pcid dca sse4_1 sse4_2 x2apic popcnt aes lahf_lm ida arat dtherm pti retpoline tpr_shadow vnmi flexpriority ept vpid
bogomips	: 4787.88
clflush size	: 64
cache_alignment	: 64
address sizes	: 44 bits physical, 48 bits virtual
power management:

processor	: 47
vendor_id	: GenuineIntel
cpu family	: 6
model		: 47
model name	: Intel(R) Xeon(R) CPU E7- 4870  @ 2.40GHz
stepping	: 2
microcode	: 55
cpu MHz		: 2394.174
cache size	: 30720 KB
physical id	: 3
siblings	: 20
core id		: 1
cpu cores	: 10
apicid		: 195
initial apicid	: 195
fpu		: yes
fpu_exception	: yes
cpuid level	: 11
wp		: yes
flags		: fpu vme de pse tsc msr pae mce cx8 apic sep mtrr pge mca cmov pat pse36 clflush dts acpi mmx fxsr sse sse2 ss ht tm pbe syscall nx pdpe1gb rdtscp lm constant_tsc arch_perfmon pebs bts rep_good xtopology nonstop_tsc aperfmperf pni pclmulqdq dtes64 monitor ds_cpl vmx smx est tm2 ssse3 cx16 xtpr pdcm pcid dca sse4_1 sse4_2 x2apic popcnt aes lahf_lm ida arat dtherm pti retpoline tpr_shadow vnmi flexpriority ept vpid
bogomips	: 4787.88
clflush size	: 64
cache_alignment	: 64
address sizes	: 44 bits physical, 48 bits virtual
power management:

processor	: 48
vendor_id	: GenuineIntel
cpu family	: 6
model		: 47
model name	: Intel(R) Xeon(R) CPU E7- 4870  @ 2.40GHz
stepping	: 2
microcode	: 55
cpu MHz		: 2394.174
cache size	: 30720 KB
physical id	: 0
siblings	: 20
core id		: 2
cpu cores	: 10
apicid		: 5
initial apicid	: 5
fpu		: yes
fpu_exception	: yes
cpuid level	: 11
wp		: yes
flags		: fpu vme de pse tsc msr pae mce cx8 apic sep mtrr pge mca cmov pat pse36 clflush dts acpi mmx fxsr sse sse2 ss ht tm pbe syscall nx pdpe1gb rdtscp lm constant_tsc arch_perfmon pebs bts rep_good xtopology nonstop_tsc aperfmperf pni pclmulqdq dtes64 monitor ds_cpl vmx smx est tm2 ssse3 cx16 xtpr pdcm pcid dca sse4_1 sse4_2 x2apic popcnt aes lahf_lm ida arat dtherm pti retpoline tpr_shadow vnmi flexpriority ept vpid
bogomips	: 4788.34
clflush size	: 64
cache_alignment	: 64
address sizes	: 44 bits physical, 48 bits virtual
power management:

processor	: 49
vendor_id	: GenuineIntel
cpu family	: 6
model		: 47
model name	: Intel(R) Xeon(R) CPU E7- 4870  @ 2.40GHz
stepping	: 2
microcode	: 55
cpu MHz		: 2394.174
cache size	: 30720 KB
physical id	: 1
siblings	: 20
core id		: 2
cpu cores	: 10
apicid		: 69
initial apicid	: 69
fpu		: yes
fpu_exception	: yes
cpuid level	: 11
wp		: yes
flags		: fpu vme de pse tsc msr pae mce cx8 apic sep mtrr pge mca cmov pat pse36 clflush dts acpi mmx fxsr sse sse2 ss ht tm pbe syscall nx pdpe1gb rdtscp lm constant_tsc arch_perfmon pebs bts rep_good xtopology nonstop_tsc aperfmperf pni pclmulqdq dtes64 monitor ds_cpl vmx smx est tm2 ssse3 cx16 xtpr pdcm pcid dca sse4_1 sse4_2 x2apic popcnt aes lahf_lm ida arat dtherm pti retpoline tpr_shadow vnmi flexpriority ept vpid
bogomips	: 4787.89
clflush size	: 64
cache_alignment	: 64
address sizes	: 44 bits physical, 48 bits virtual
power management:

processor	: 50
vendor_id	: GenuineIntel
cpu family	: 6
model		: 47
model name	: Intel(R) Xeon(R) CPU E7- 4870  @ 2.40GHz
stepping	: 2
microcode	: 55
cpu MHz		: 2394.174
cache size	: 30720 KB
physical id	: 2
siblings	: 20
core id		: 2
cpu cores	: 10
apicid		: 133
initial apicid	: 133
fpu		: yes
fpu_exception	: yes
cpuid level	: 11
wp		: yes
flags		: fpu vme de pse tsc msr pae mce cx8 apic sep mtrr pge mca cmov pat pse36 clflush dts acpi mmx fxsr sse sse2 ss ht tm pbe syscall nx pdpe1gb rdtscp lm constant_tsc arch_perfmon pebs bts rep_good xtopology nonstop_tsc aperfmperf pni pclmulqdq dtes64 monitor ds_cpl vmx smx est tm2 ssse3 cx16 xtpr pdcm pcid dca sse4_1 sse4_2 x2apic popcnt aes lahf_lm ida arat dtherm pti retpoline tpr_shadow vnmi flexpriority ept vpid
bogomips	: 4787.88
clflush size	: 64
cache_alignment	: 64
address sizes	: 44 bits physical, 48 bits virtual
power management:

processor	: 51
vendor_id	: GenuineIntel
cpu family	: 6
model		: 47
model name	: Intel(R) Xeon(R) CPU E7- 4870  @ 2.40GHz
stepping	: 2
microcode	: 55
cpu MHz		: 2394.174
cache size	: 30720 KB
physical id	: 3
siblings	: 20
core id		: 2
cpu cores	: 10
apicid		: 197
initial apicid	: 197
fpu		: yes
fpu_exception	: yes
cpuid level	: 11
wp		: yes
flags		: fpu vme de pse tsc msr pae mce cx8 apic sep mtrr pge mca cmov pat pse36 clflush dts acpi mmx fxsr sse sse2 ss ht tm pbe syscall nx pdpe1gb rdtscp lm constant_tsc arch_perfmon pebs bts rep_good xtopology nonstop_tsc aperfmperf pni pclmulqdq dtes64 monitor ds_cpl vmx smx est tm2 ssse3 cx16 xtpr pdcm pcid dca sse4_1 sse4_2 x2apic popcnt aes lahf_lm ida arat dtherm pti retpoline tpr_shadow vnmi flexpriority ept vpid
bogomips	: 4787.88
clflush size	: 64
cache_alignment	: 64
address sizes	: 44 bits physical, 48 bits virtual
power management:

processor	: 52
vendor_id	: GenuineIntel
cpu family	: 6
model		: 47
model name	: Intel(R) Xeon(R) CPU E7- 4870  @ 2.40GHz
stepping	: 2
microcode	: 55
cpu MHz		: 2394.174
cache size	: 30720 KB
physical id	: 0
siblings	: 20
core id		: 8
cpu cores	: 10
apicid		: 17
initial apicid	: 17
fpu		: yes
fpu_exception	: yes
cpuid level	: 11
wp		: yes
flags		: fpu vme de pse tsc msr pae mce cx8 apic sep mtrr pge mca cmov pat pse36 clflush dts acpi mmx fxsr sse sse2 ss ht tm pbe syscall nx pdpe1gb rdtscp lm constant_tsc arch_perfmon pebs bts rep_good xtopology nonstop_tsc aperfmperf pni pclmulqdq dtes64 monitor ds_cpl vmx smx est tm2 ssse3 cx16 xtpr pdcm pcid dca sse4_1 sse4_2 x2apic popcnt aes lahf_lm ida arat dtherm pti retpoline tpr_shadow vnmi flexpriority ept vpid
bogomips	: 4788.34
clflush size	: 64
cache_alignment	: 64
address sizes	: 44 bits physical, 48 bits virtual
power management:

processor	: 53
vendor_id	: GenuineIntel
cpu family	: 6
model		: 47
model name	: Intel(R) Xeon(R) CPU E7- 4870  @ 2.40GHz
stepping	: 2
microcode	: 55
cpu MHz		: 2394.174
cache size	: 30720 KB
physical id	: 1
siblings	: 20
core id		: 8
cpu cores	: 10
apicid		: 81
initial apicid	: 81
fpu		: yes
fpu_exception	: yes
cpuid level	: 11
wp		: yes
flags		: fpu vme de pse tsc msr pae mce cx8 apic sep mtrr pge mca cmov pat pse36 clflush dts acpi mmx fxsr sse sse2 ss ht tm pbe syscall nx pdpe1gb rdtscp lm constant_tsc arch_perfmon pebs bts rep_good xtopology nonstop_tsc aperfmperf pni pclmulqdq dtes64 monitor ds_cpl vmx smx est tm2 ssse3 cx16 xtpr pdcm pcid dca sse4_1 sse4_2 x2apic popcnt aes lahf_lm ida arat dtherm pti retpoline tpr_shadow vnmi flexpriority ept vpid
bogomips	: 4787.89
clflush size	: 64
cache_alignment	: 64
address sizes	: 44 bits physical, 48 bits virtual
power management:

processor	: 54
vendor_id	: GenuineIntel
cpu family	: 6
model		: 47
model name	: Intel(R) Xeon(R) CPU E7- 4870  @ 2.40GHz
stepping	: 2
microcode	: 55
cpu MHz		: 2394.174
cache size	: 30720 KB
physical id	: 2
siblings	: 20
core id		: 8
cpu cores	: 10
apicid		: 145
initial apicid	: 145
fpu		: yes
fpu_exception	: yes
cpuid level	: 11
wp		: yes
flags		: fpu vme de pse tsc msr pae mce cx8 apic sep mtrr pge mca cmov pat pse36 clflush dts acpi mmx fxsr sse sse2 ss ht tm pbe syscall nx pdpe1gb rdtscp lm constant_tsc arch_perfmon pebs bts rep_good xtopology nonstop_tsc aperfmperf pni pclmulqdq dtes64 monitor ds_cpl vmx smx est tm2 ssse3 cx16 xtpr pdcm pcid dca sse4_1 sse4_2 x2apic popcnt aes lahf_lm ida arat dtherm pti retpoline tpr_shadow vnmi flexpriority ept vpid
bogomips	: 4787.88
clflush size	: 64
cache_alignment	: 64
address sizes	: 44 bits physical, 48 bits virtual
power management:

processor	: 55
vendor_id	: GenuineIntel
cpu family	: 6
model		: 47
model name	: Intel(R) Xeon(R) CPU E7- 4870  @ 2.40GHz
stepping	: 2
microcode	: 55
cpu MHz		: 2394.174
cache size	: 30720 KB
physical id	: 3
siblings	: 20
core id		: 8
cpu cores	: 10
apicid		: 209
initial apicid	: 209
fpu		: yes
fpu_exception	: yes
cpuid level	: 11
wp		: yes
flags		: fpu vme de pse tsc msr pae mce cx8 apic sep mtrr pge mca cmov pat pse36 clflush dts acpi mmx fxsr sse sse2 ss ht tm pbe syscall nx pdpe1gb rdtscp lm constant_tsc arch_perfmon pebs bts rep_good xtopology nonstop_tsc aperfmperf pni pclmulqdq dtes64 monitor ds_cpl vmx smx est tm2 ssse3 cx16 xtpr pdcm pcid dca sse4_1 sse4_2 x2apic popcnt aes lahf_lm ida arat dtherm pti retpoline tpr_shadow vnmi flexpriority ept vpid
bogomips	: 4787.88
clflush size	: 64
cache_alignment	: 64
address sizes	: 44 bits physical, 48 bits virtual
power management:

processor	: 56
vendor_id	: GenuineIntel
cpu family	: 6
model		: 47
model name	: Intel(R) Xeon(R) CPU E7- 4870  @ 2.40GHz
stepping	: 2
microcode	: 55
cpu MHz		: 2394.174
cache size	: 30720 KB
physical id	: 0
siblings	: 20
core id		: 9
cpu cores	: 10
apicid		: 19
initial apicid	: 19
fpu		: yes
fpu_exception	: yes
cpuid level	: 11
wp		: yes
flags		: fpu vme de pse tsc msr pae mce cx8 apic sep mtrr pge mca cmov pat pse36 clflush dts acpi mmx fxsr sse sse2 ss ht tm pbe syscall nx pdpe1gb rdtscp lm constant_tsc arch_perfmon pebs bts rep_good xtopology nonstop_tsc aperfmperf pni pclmulqdq dtes64 monitor ds_cpl vmx smx est tm2 ssse3 cx16 xtpr pdcm pcid dca sse4_1 sse4_2 x2apic popcnt aes lahf_lm ida arat dtherm pti retpoline tpr_shadow vnmi flexpriority ept vpid
bogomips	: 4788.34
clflush size	: 64
cache_alignment	: 64
address sizes	: 44 bits physical, 48 bits virtual
power management:

processor	: 57
vendor_id	: GenuineIntel
cpu family	: 6
model		: 47
model name	: Intel(R) Xeon(R) CPU E7- 4870  @ 2.40GHz
stepping	: 2
microcode	: 55
cpu MHz		: 2394.174
cache size	: 30720 KB
physical id	: 1
siblings	: 20
core id		: 9
cpu cores	: 10
apicid		: 83
initial apicid	: 83
fpu		: yes
fpu_exception	: yes
cpuid level	: 11
wp		: yes
flags		: fpu vme de pse tsc msr pae mce cx8 apic sep mtrr pge mca cmov pat pse36 clflush dts acpi mmx fxsr sse sse2 ss ht tm pbe syscall nx pdpe1gb rdtscp lm constant_tsc arch_perfmon pebs bts rep_good xtopology nonstop_tsc aperfmperf pni pclmulqdq dtes64 monitor ds_cpl vmx smx est tm2 ssse3 cx16 xtpr pdcm pcid dca sse4_1 sse4_2 x2apic popcnt aes lahf_lm ida arat dtherm pti retpoline tpr_shadow vnmi flexpriority ept vpid
bogomips	: 4787.89
clflush size	: 64
cache_alignment	: 64
address sizes	: 44 bits physical, 48 bits virtual
power management:

processor	: 58
vendor_id	: GenuineIntel
cpu family	: 6
model		: 47
model name	: Intel(R) Xeon(R) CPU E7- 4870  @ 2.40GHz
stepping	: 2
microcode	: 55
cpu MHz		: 2394.174
cache size	: 30720 KB
physical id	: 2
siblings	: 20
core id		: 9
cpu cores	: 10
apicid		: 147
initial apicid	: 147
fpu		: yes
fpu_exception	: yes
cpuid level	: 11
wp		: yes
flags		: fpu vme de pse tsc msr pae mce cx8 apic sep mtrr pge mca cmov pat pse36 clflush dts acpi mmx fxsr sse sse2 ss ht tm pbe syscall nx pdpe1gb rdtscp lm constant_tsc arch_perfmon pebs bts rep_good xtopology nonstop_tsc aperfmperf pni pclmulqdq dtes64 monitor ds_cpl vmx smx est tm2 ssse3 cx16 xtpr pdcm pcid dca sse4_1 sse4_2 x2apic popcnt aes lahf_lm ida arat dtherm pti retpoline tpr_shadow vnmi flexpriority ept vpid
bogomips	: 4787.88
clflush size	: 64
cache_alignment	: 64
address sizes	: 44 bits physical, 48 bits virtual
power management:

processor	: 59
vendor_id	: GenuineIntel
cpu family	: 6
model		: 47
model name	: Intel(R) Xeon(R) CPU E7- 4870  @ 2.40GHz
stepping	: 2
microcode	: 55
cpu MHz		: 2394.174
cache size	: 30720 KB
physical id	: 3
siblings	: 20
core id		: 9
cpu cores	: 10
apicid		: 211
initial apicid	: 211
fpu		: yes
fpu_exception	: yes
cpuid level	: 11
wp		: yes
flags		: fpu vme de pse tsc msr pae mce cx8 apic sep mtrr pge mca cmov pat pse36 clflush dts acpi mmx fxsr sse sse2 ss ht tm pbe syscall nx pdpe1gb rdtscp lm constant_tsc arch_perfmon pebs bts rep_good xtopology nonstop_tsc aperfmperf pni pclmulqdq dtes64 monitor ds_cpl vmx smx est tm2 ssse3 cx16 xtpr pdcm pcid dca sse4_1 sse4_2 x2apic popcnt aes lahf_lm ida arat dtherm pti retpoline tpr_shadow vnmi flexpriority ept vpid
bogomips	: 4787.88
clflush size	: 64
cache_alignment	: 64
address sizes	: 44 bits physical, 48 bits virtual
power management:

processor	: 60
vendor_id	: GenuineIntel
cpu family	: 6
model		: 47
model name	: Intel(R) Xeon(R) CPU E7- 4870  @ 2.40GHz
stepping	: 2
microcode	: 55
cpu MHz		: 2394.174
cache size	: 30720 KB
physical id	: 0
siblings	: 20
core id		: 16
cpu cores	: 10
apicid		: 33
initial apicid	: 33
fpu		: yes
fpu_exception	: yes
cpuid level	: 11
wp		: yes
flags		: fpu vme de pse tsc msr pae mce cx8 apic sep mtrr pge mca cmov pat pse36 clflush dts acpi mmx fxsr sse sse2 ss ht tm pbe syscall nx pdpe1gb rdtscp lm constant_tsc arch_perfmon pebs bts rep_good xtopology nonstop_tsc aperfmperf pni pclmulqdq dtes64 monitor ds_cpl vmx smx est tm2 ssse3 cx16 xtpr pdcm pcid dca sse4_1 sse4_2 x2apic popcnt aes lahf_lm ida arat dtherm pti retpoline tpr_shadow vnmi flexpriority ept vpid
bogomips	: 4788.34
clflush size	: 64
cache_alignment	: 64
address sizes	: 44 bits physical, 48 bits virtual
power management:

processor	: 61
vendor_id	: GenuineIntel
cpu family	: 6
model		: 47
model name	: Intel(R) Xeon(R) CPU E7- 4870  @ 2.40GHz
stepping	: 2
microcode	: 55
cpu MHz		: 2394.174
cache size	: 30720 KB
physical id	: 1
siblings	: 20
core id		: 16
cpu cores	: 10
apicid		: 97
initial apicid	: 97
fpu		: yes
fpu_exception	: yes
cpuid level	: 11
wp		: yes
flags		: fpu vme de pse tsc msr pae mce cx8 apic sep mtrr pge mca cmov pat pse36 clflush dts acpi mmx fxsr sse sse2 ss ht tm pbe syscall nx pdpe1gb rdtscp lm constant_tsc arch_perfmon pebs bts rep_good xtopology nonstop_tsc aperfmperf pni pclmulqdq dtes64 monitor ds_cpl vmx smx est tm2 ssse3 cx16 xtpr pdcm pcid dca sse4_1 sse4_2 x2apic popcnt aes lahf_lm ida arat dtherm pti retpoline tpr_shadow vnmi flexpriority ept vpid
bogomips	: 4787.89
clflush size	: 64
cache_alignment	: 64
address sizes	: 44 bits physical, 48 bits virtual
power management:

processor	: 62
vendor_id	: GenuineIntel
cpu family	: 6
model		: 47
model name	: Intel(R) Xeon(R) CPU E7- 4870  @ 2.40GHz
stepping	: 2
microcode	: 55
cpu MHz		: 2394.174
cache size	: 30720 KB
physical id	: 2
siblings	: 20
core id		: 16
cpu cores	: 10
apicid		: 161
initial apicid	: 161
fpu		: yes
fpu_exception	: yes
cpuid level	: 11
wp		: yes
flags		: fpu vme de pse tsc msr pae mce cx8 apic sep mtrr pge mca cmov pat pse36 clflush dts acpi mmx fxsr sse sse2 ss ht tm pbe syscall nx pdpe1gb rdtscp lm constant_tsc arch_perfmon pebs bts rep_good xtopology nonstop_tsc aperfmperf pni pclmulqdq dtes64 monitor ds_cpl vmx smx est tm2 ssse3 cx16 xtpr pdcm pcid dca sse4_1 sse4_2 x2apic popcnt aes lahf_lm ida arat dtherm pti retpoline tpr_shadow vnmi flexpriority ept vpid
bogomips	: 4787.88
clflush size	: 64
cache_alignment	: 64
address sizes	: 44 bits physical, 48 bits virtual
power management:

processor	: 63
vendor_id	: GenuineIntel
cpu family	: 6
model		: 47
model name	: Intel(R) Xeon(R) CPU E7- 4870  @ 2.40GHz
stepping	: 2
microcode	: 55
cpu MHz		: 2394.174
cache size	: 30720 KB
physical id	: 3
siblings	: 20
core id		: 16
cpu cores	: 10
apicid		: 225
initial apicid	: 225
fpu		: yes
fpu_exception	: yes
cpuid level	: 11
wp		: yes
flags		: fpu vme de pse tsc msr pae mce cx8 apic sep mtrr pge mca cmov pat pse36 clflush dts acpi mmx fxsr sse sse2 ss ht tm pbe syscall nx pdpe1gb rdtscp lm constant_tsc arch_perfmon pebs bts rep_good xtopology nonstop_tsc aperfmperf pni pclmulqdq dtes64 monitor ds_cpl vmx smx est tm2 ssse3 cx16 xtpr pdcm pcid dca sse4_1 sse4_2 x2apic popcnt aes lahf_lm ida arat dtherm pti retpoline tpr_shadow vnmi flexpriority ept vpid
bogomips	: 4787.88
clflush size	: 64
cache_alignment	: 64
address sizes	: 44 bits physical, 48 bits virtual
power management:

processor	: 64
vendor_id	: GenuineIntel
cpu family	: 6
model		: 47
model name	: Intel(R) Xeon(R) CPU E7- 4870  @ 2.40GHz
stepping	: 2
microcode	: 55
cpu MHz		: 2394.174
cache size	: 30720 KB
physical id	: 0
siblings	: 20
core id		: 17
cpu cores	: 10
apicid		: 35
initial apicid	: 35
fpu		: yes
fpu_exception	: yes
cpuid level	: 11
wp		: yes
flags		: fpu vme de pse tsc msr pae mce cx8 apic sep mtrr pge mca cmov pat pse36 clflush dts acpi mmx fxsr sse sse2 ss ht tm pbe syscall nx pdpe1gb rdtscp lm constant_tsc arch_perfmon pebs bts rep_good xtopology nonstop_tsc aperfmperf pni pclmulqdq dtes64 monitor ds_cpl vmx smx est tm2 ssse3 cx16 xtpr pdcm pcid dca sse4_1 sse4_2 x2apic popcnt aes lahf_lm ida arat dtherm pti retpoline tpr_shadow vnmi flexpriority ept vpid
bogomips	: 4788.34
clflush size	: 64
cache_alignment	: 64
address sizes	: 44 bits physical, 48 bits virtual
power management:

processor	: 65
vendor_id	: GenuineIntel
cpu family	: 6
model		: 47
model name	: Intel(R) Xeon(R) CPU E7- 4870  @ 2.40GHz
stepping	: 2
microcode	: 55
cpu MHz		: 2394.174
cache size	: 30720 KB
physical id	: 1
siblings	: 20
core id		: 17
cpu cores	: 10
apicid		: 99
initial apicid	: 99
fpu		: yes
fpu_exception	: yes
cpuid level	: 11
wp		: yes
flags		: fpu vme de pse tsc msr pae mce cx8 apic sep mtrr pge mca cmov pat pse36 clflush dts acpi mmx fxsr sse sse2 ss ht tm pbe syscall nx pdpe1gb rdtscp lm constant_tsc arch_perfmon pebs bts rep_good xtopology nonstop_tsc aperfmperf pni pclmulqdq dtes64 monitor ds_cpl vmx smx est tm2 ssse3 cx16 xtpr pdcm pcid dca sse4_1 sse4_2 x2apic popcnt aes lahf_lm ida arat dtherm pti retpoline tpr_shadow vnmi flexpriority ept vpid
bogomips	: 4787.89
clflush size	: 64
cache_alignment	: 64
address sizes	: 44 bits physical, 48 bits virtual
power management:

processor	: 66
vendor_id	: GenuineIntel
cpu family	: 6
model		: 47
model name	: Intel(R) Xeon(R) CPU E7- 4870  @ 2.40GHz
stepping	: 2
microcode	: 55
cpu MHz		: 2394.174
cache size	: 30720 KB
physical id	: 2
siblings	: 20
core id		: 17
cpu cores	: 10
apicid		: 163
initial apicid	: 163
fpu		: yes
fpu_exception	: yes
cpuid level	: 11
wp		: yes
flags		: fpu vme de pse tsc msr pae mce cx8 apic sep mtrr pge mca cmov pat pse36 clflush dts acpi mmx fxsr sse sse2 ss ht tm pbe syscall nx pdpe1gb rdtscp lm constant_tsc arch_perfmon pebs bts rep_good xtopology nonstop_tsc aperfmperf pni pclmulqdq dtes64 monitor ds_cpl vmx smx est tm2 ssse3 cx16 xtpr pdcm pcid dca sse4_1 sse4_2 x2apic popcnt aes lahf_lm ida arat dtherm pti retpoline tpr_shadow vnmi flexpriority ept vpid
bogomips	: 4787.88
clflush size	: 64
cache_alignment	: 64
address sizes	: 44 bits physical, 48 bits virtual
power management:

processor	: 67
vendor_id	: GenuineIntel
cpu family	: 6
model		: 47
model name	: Intel(R) Xeon(R) CPU E7- 4870  @ 2.40GHz
stepping	: 2
microcode	: 55
cpu MHz		: 2394.174
cache size	: 30720 KB
physical id	: 3
siblings	: 20
core id		: 17
cpu cores	: 10
apicid		: 227
initial apicid	: 227
fpu		: yes
fpu_exception	: yes
cpuid level	: 11
wp		: yes
flags		: fpu vme de pse tsc msr pae mce cx8 apic sep mtrr pge mca cmov pat pse36 clflush dts acpi mmx fxsr sse sse2 ss ht tm pbe syscall nx pdpe1gb rdtscp lm constant_tsc arch_perfmon pebs bts rep_good xtopology nonstop_tsc aperfmperf pni pclmulqdq dtes64 monitor ds_cpl vmx smx est tm2 ssse3 cx16 xtpr pdcm pcid dca sse4_1 sse4_2 x2apic popcnt aes lahf_lm ida arat dtherm pti retpoline tpr_shadow vnmi flexpriority ept vpid
bogomips	: 4787.88
clflush size	: 64
cache_alignment	: 64
address sizes	: 44 bits physical, 48 bits virtual
power management:

processor	: 68
vendor_id	: GenuineIntel
cpu family	: 6
model		: 47
model name	: Intel(R) Xeon(R) CPU E7- 4870  @ 2.40GHz
stepping	: 2
microcode	: 55
cpu MHz		: 2394.174
cache size	: 30720 KB
physical id	: 0
siblings	: 20
core id		: 18
cpu cores	: 10
apicid		: 37
initial apicid	: 37
fpu		: yes
fpu_exception	: yes
cpuid level	: 11
wp		: yes
flags		: fpu vme de pse tsc msr pae mce cx8 apic sep mtrr pge mca cmov pat pse36 clflush dts acpi mmx fxsr sse sse2 ss ht tm pbe syscall nx pdpe1gb rdtscp lm constant_tsc arch_perfmon pebs bts rep_good xtopology nonstop_tsc aperfmperf pni pclmulqdq dtes64 monitor ds_cpl vmx smx est tm2 ssse3 cx16 xtpr pdcm pcid dca sse4_1 sse4_2 x2apic popcnt aes lahf_lm ida arat dtherm pti retpoline tpr_shadow vnmi flexpriority ept vpid
bogomips	: 4788.34
clflush size	: 64
cache_alignment	: 64
address sizes	: 44 bits physical, 48 bits virtual
power management:

processor	: 69
vendor_id	: GenuineIntel
cpu family	: 6
model		: 47
model name	: Intel(R) Xeon(R) CPU E7- 4870  @ 2.40GHz
stepping	: 2
microcode	: 55
cpu MHz		: 2394.174
cache size	: 30720 KB
physical id	: 1
siblings	: 20
core id		: 18
cpu cores	: 10
apicid		: 101
initial apicid	: 101
fpu		: yes
fpu_exception	: yes
cpuid level	: 11
wp		: yes
flags		: fpu vme de pse tsc msr pae mce cx8 apic sep mtrr pge mca cmov pat pse36 clflush dts acpi mmx fxsr sse sse2 ss ht tm pbe syscall nx pdpe1gb rdtscp lm constant_tsc arch_perfmon pebs bts rep_good xtopology nonstop_tsc aperfmperf pni pclmulqdq dtes64 monitor ds_cpl vmx smx est tm2 ssse3 cx16 xtpr pdcm pcid dca sse4_1 sse4_2 x2apic popcnt aes lahf_lm ida arat dtherm pti retpoline tpr_shadow vnmi flexpriority ept vpid
bogomips	: 4787.89
clflush size	: 64
cache_alignment	: 64
address sizes	: 44 bits physical, 48 bits virtual
power management:

processor	: 70
vendor_id	: GenuineIntel
cpu family	: 6
model		: 47
model name	: Intel(R) Xeon(R) CPU E7- 4870  @ 2.40GHz
stepping	: 2
microcode	: 55
cpu MHz		: 2394.174
cache size	: 30720 KB
physical id	: 2
siblings	: 20
core id		: 18
cpu cores	: 10
apicid		: 165
initial apicid	: 165
fpu		: yes
fpu_exception	: yes
cpuid level	: 11
wp		: yes
flags		: fpu vme de pse tsc msr pae mce cx8 apic sep mtrr pge mca cmov pat pse36 clflush dts acpi mmx fxsr sse sse2 ss ht tm pbe syscall nx pdpe1gb rdtscp lm constant_tsc arch_perfmon pebs bts rep_good xtopology nonstop_tsc aperfmperf pni pclmulqdq dtes64 monitor ds_cpl vmx smx est tm2 ssse3 cx16 xtpr pdcm pcid dca sse4_1 sse4_2 x2apic popcnt aes lahf_lm ida arat dtherm pti retpoline tpr_shadow vnmi flexpriority ept vpid
bogomips	: 4787.88
clflush size	: 64
cache_alignment	: 64
address sizes	: 44 bits physical, 48 bits virtual
power management:

processor	: 71
vendor_id	: GenuineIntel
cpu family	: 6
model		: 47
model name	: Intel(R) Xeon(R) CPU E7- 4870  @ 2.40GHz
stepping	: 2
microcode	: 55
cpu MHz		: 2394.174
cache size	: 30720 KB
physical id	: 3
siblings	: 20
core id		: 18
cpu cores	: 10
apicid		: 229
initial apicid	: 229
fpu		: yes
fpu_exception	: yes
cpuid level	: 11
wp		: yes
flags		: fpu vme de pse tsc msr pae mce cx8 apic sep mtrr pge mca cmov pat pse36 clflush dts acpi mmx fxsr sse sse2 ss ht tm pbe syscall nx pdpe1gb rdtscp lm constant_tsc arch_perfmon pebs bts rep_good xtopology nonstop_tsc aperfmperf pni pclmulqdq dtes64 monitor ds_cpl vmx smx est tm2 ssse3 cx16 xtpr pdcm pcid dca sse4_1 sse4_2 x2apic popcnt aes lahf_lm ida arat dtherm pti retpoline tpr_shadow vnmi flexpriority ept vpid
bogomips	: 4787.88
clflush size	: 64
cache_alignment	: 64
address sizes	: 44 bits physical, 48 bits virtual
power management:

processor	: 72
vendor_id	: GenuineIntel
cpu family	: 6
model		: 47
model name	: Intel(R) Xeon(R) CPU E7- 4870  @ 2.40GHz
stepping	: 2
microcode	: 55
cpu MHz		: 2394.174
cache size	: 30720 KB
physical id	: 0
siblings	: 20
core id		: 24
cpu cores	: 10
apicid		: 49
initial apicid	: 49
fpu		: yes
fpu_exception	: yes
cpuid level	: 11
wp		: yes
flags		: fpu vme de pse tsc msr pae mce cx8 apic sep mtrr pge mca cmov pat pse36 clflush dts acpi mmx fxsr sse sse2 ss ht tm pbe syscall nx pdpe1gb rdtscp lm constant_tsc arch_perfmon pebs bts rep_good xtopology nonstop_tsc aperfmperf pni pclmulqdq dtes64 monitor ds_cpl vmx smx est tm2 ssse3 cx16 xtpr pdcm pcid dca sse4_1 sse4_2 x2apic popcnt aes lahf_lm ida arat dtherm pti retpoline tpr_shadow vnmi flexpriority ept vpid
bogomips	: 4788.34
clflush size	: 64
cache_alignment	: 64
address sizes	: 44 bits physical, 48 bits virtual
power management:

processor	: 73
vendor_id	: GenuineIntel
cpu family	: 6
model		: 47
model name	: Intel(R) Xeon(R) CPU E7- 4870  @ 2.40GHz
stepping	: 2
microcode	: 55
cpu MHz		: 2394.174
cache size	: 30720 KB
physical id	: 1
siblings	: 20
core id		: 24
cpu cores	: 10
apicid		: 113
initial apicid	: 113
fpu		: yes
fpu_exception	: yes
cpuid level	: 11
wp		: yes
flags		: fpu vme de pse tsc msr pae mce cx8 apic sep mtrr pge mca cmov pat pse36 clflush dts acpi mmx fxsr sse sse2 ss ht tm pbe syscall nx pdpe1gb rdtscp lm constant_tsc arch_perfmon pebs bts rep_good xtopology nonstop_tsc aperfmperf pni pclmulqdq dtes64 monitor ds_cpl vmx smx est tm2 ssse3 cx16 xtpr pdcm pcid dca sse4_1 sse4_2 x2apic popcnt aes lahf_lm ida arat dtherm pti retpoline tpr_shadow vnmi flexpriority ept vpid
bogomips	: 4787.89
clflush size	: 64
cache_alignment	: 64
address sizes	: 44 bits physical, 48 bits virtual
power management:

processor	: 74
vendor_id	: GenuineIntel
cpu family	: 6
model		: 47
model name	: Intel(R) Xeon(R) CPU E7- 4870  @ 2.40GHz
stepping	: 2
microcode	: 55
cpu MHz		: 2394.174
cache size	: 30720 KB
physical id	: 2
siblings	: 20
core id		: 24
cpu cores	: 10
apicid		: 177
initial apicid	: 177
fpu		: yes
fpu_exception	: yes
cpuid level	: 11
wp		: yes
flags		: fpu vme de pse tsc msr pae mce cx8 apic sep mtrr pge mca cmov pat pse36 clflush dts acpi mmx fxsr sse sse2 ss ht tm pbe syscall nx pdpe1gb rdtscp lm constant_tsc arch_perfmon pebs bts rep_good xtopology nonstop_tsc aperfmperf pni pclmulqdq dtes64 monitor ds_cpl vmx smx est tm2 ssse3 cx16 xtpr pdcm pcid dca sse4_1 sse4_2 x2apic popcnt aes lahf_lm ida arat dtherm pti retpoline tpr_shadow vnmi flexpriority ept vpid
bogomips	: 4787.88
clflush size	: 64
cache_alignment	: 64
address sizes	: 44 bits physical, 48 bits virtual
power management:

processor	: 75
vendor_id	: GenuineIntel
cpu family	: 6
model		: 47
model name	: Intel(R) Xeon(R) CPU E7- 4870  @ 2.40GHz
stepping	: 2
microcode	: 55
cpu MHz		: 2394.174
cache size	: 30720 KB
physical id	: 3
siblings	: 20
core id		: 24
cpu cores	: 10
apicid		: 241
initial apicid	: 241
fpu		: yes
fpu_exception	: yes
cpuid level	: 11
wp		: yes
flags		: fpu vme de pse tsc msr pae mce cx8 apic sep mtrr pge mca cmov pat pse36 clflush dts acpi mmx fxsr sse sse2 ss ht tm pbe syscall nx pdpe1gb rdtscp lm constant_tsc arch_perfmon pebs bts rep_good xtopology nonstop_tsc aperfmperf pni pclmulqdq dtes64 monitor ds_cpl vmx smx est tm2 ssse3 cx16 xtpr pdcm pcid dca sse4_1 sse4_2 x2apic popcnt aes lahf_lm ida arat dtherm pti retpoline tpr_shadow vnmi flexpriority ept vpid
bogomips	: 4787.88
clflush size	: 64
cache_alignment	: 64
address sizes	: 44 bits physical, 48 bits virtual
power management:

processor	: 76
vendor_id	: GenuineIntel
cpu family	: 6
model		: 47
model name	: Intel(R) Xeon(R) CPU E7- 4870  @ 2.40GHz
stepping	: 2
microcode	: 55
cpu MHz		: 2394.174
cache size	: 30720 KB
physical id	: 0
siblings	: 20
core id		: 25
cpu cores	: 10
apicid		: 51
initial apicid	: 51
fpu		: yes
fpu_exception	: yes
cpuid level	: 11
wp		: yes
flags		: fpu vme de pse tsc msr pae mce cx8 apic sep mtrr pge mca cmov pat pse36 clflush dts acpi mmx fxsr sse sse2 ss ht tm pbe syscall nx pdpe1gb rdtscp lm constant_tsc arch_perfmon pebs bts rep_good xtopology nonstop_tsc aperfmperf pni pclmulqdq dtes64 monitor ds_cpl vmx smx est tm2 ssse3 cx16 xtpr pdcm pcid dca sse4_1 sse4_2 x2apic popcnt aes lahf_lm ida arat dtherm pti retpoline tpr_shadow vnmi flexpriority ept vpid
bogomips	: 4788.34
clflush size	: 64
cache_alignment	: 64
address sizes	: 44 bits physical, 48 bits virtual
power management:

processor	: 77
vendor_id	: GenuineIntel
cpu family	: 6
model		: 47
model name	: Intel(R) Xeon(R) CPU E7- 4870  @ 2.40GHz
stepping	: 2
microcode	: 55
cpu MHz		: 2394.174
cache size	: 30720 KB
physical id	: 1
siblings	: 20
core id		: 25
cpu cores	: 10
apicid		: 115
initial apicid	: 115
fpu		: yes
fpu_exception	: yes
cpuid level	: 11
wp		: yes
flags		: fpu vme de pse tsc msr pae mce cx8 apic sep mtrr pge mca cmov pat pse36 clflush dts acpi mmx fxsr sse sse2 ss ht tm pbe syscall nx pdpe1gb rdtscp lm constant_tsc arch_perfmon pebs bts rep_good xtopology nonstop_tsc aperfmperf pni pclmulqdq dtes64 monitor ds_cpl vmx smx est tm2 ssse3 cx16 xtpr pdcm pcid dca sse4_1 sse4_2 x2apic popcnt aes lahf_lm ida arat dtherm pti retpoline tpr_shadow vnmi flexpriority ept vpid
bogomips	: 4787.89
clflush size	: 64
cache_alignment	: 64
address sizes	: 44 bits physical, 48 bits virtual
power management:

processor	: 78
vendor_id	: GenuineIntel
cpu family	: 6
model		: 47
model name	: Intel(R) Xeon(R) CPU E7- 4870  @ 2.40GHz
stepping	: 2
microcode	: 55
cpu MHz		: 2394.174
cache size	: 30720 KB
physical id	: 2
siblings	: 20
core id		: 25
cpu cores	: 10
apicid		: 179
initial apicid	: 179
fpu		: yes
fpu_exception	: yes
cpuid level	: 11
wp		: yes
flags		: fpu vme de pse tsc msr pae mce cx8 apic sep mtrr pge mca cmov pat pse36 clflush dts acpi mmx fxsr sse sse2 ss ht tm pbe syscall nx pdpe1gb rdtscp lm constant_tsc arch_perfmon pebs bts rep_good xtopology nonstop_tsc aperfmperf pni pclmulqdq dtes64 monitor ds_cpl vmx smx est tm2 ssse3 cx16 xtpr pdcm pcid dca sse4_1 sse4_2 x2apic popcnt aes lahf_lm ida arat dtherm pti retpoline tpr_shadow vnmi flexpriority ept vpid
bogomips	: 4787.88
clflush size	: 64
cache_alignment	: 64
address sizes	: 44 bits physical, 48 bits virtual
power management:

processor	: 79
vendor_id	: GenuineIntel
cpu family	: 6
model		: 47
model name	: Intel(R) Xeon(R) CPU E7- 4870  @ 2.40GHz
stepping	: 2
microcode	: 55
cpu MHz		: 2394.174
cache size	: 30720 KB
physical id	: 3
siblings	: 20
core id		: 25
cpu cores	: 10
apicid		: 243
initial apicid	: 243
fpu		: yes
fpu_exception	: yes
cpuid level	: 11
wp		: yes
flags		: fpu vme de pse tsc msr pae mce cx8 apic sep mtrr pge mca cmov pat pse36 clflush dts acpi mmx fxsr sse sse2 ss ht tm pbe syscall nx pdpe1gb rdtscp lm constant_tsc arch_perfmon pebs bts rep_good xtopology nonstop_tsc aperfmperf pni pclmulqdq dtes64 monitor ds_cpl vmx smx est tm2 ssse3 cx16 xtpr pdcm pcid dca sse4_1 sse4_2 x2apic popcnt aes lahf_lm ida arat dtherm pti retpoline tpr_shadow vnmi flexpriority ept vpid
bogomips	: 4787.88
clflush size	: 64
cache_alignment	: 64
address sizes	: 44 bits physical, 48 bits virtual
power management:



Memory: 4k page, physical 132138524k(48278580k free), swap 134381564k(109910220k free)

vm_info: Java HotSpot(TM) 64-Bit Server VM (25.192-b12) for linux-amd64 JRE (1.8.0_192-b12), built on Oct  6 2018 06:46:09 by "java_re" with gcc 7.3.0

time: Thu Jan 31 23:15:05 2019
timezone: EST
elapsed time: 0 seconds (0d 0h 0m 0s)

